Page 1           Source Listing                                                                
2023-01-27 11:39                                 /tmp/ifortB2CAw5.i90

./program/main.f90(11): error #7002: Error in opening the compiled module file.  Check INCLUDE paths.   [IO
   use io
-------^
./program/main.f90(18): error #6404: This name does not have a type, and must have an explicit type.   [MPI_COMM_WORLD
   call mpi_barrier(mpi_comm_world,ierr)
--------------------^
./program/main.f90(106): remark #7712: This variable has not been used.   [FILE_EXIST
      logical :: file_exist
-----------------^

Page 2           Source Listing                  
2023-01-27 11:39                                 /tmp/ifortB2CAw5.i90

      1 # 1 "./program/main.f90"
      2 !*************************************************************************
      3 ! main.f90 (executable)
      4 !*************************************************************************
      5 !
      6 !
      7 !*************************************************************************
      8 # 1 "./program/../parallel.h" 1 
      9 
     10 
     11 
     12  
     13 
     14 
     15 
     16  
     17 
     18  
     19 
     20 # 14
     21 
     22 
     23 
     24 
     25 
     26 
     27  
     28 # 23
     29 
     30 
     31  
     32 # 44
     33 
     34  
     35 
     36 
     37 
     38 # 54
     39 
     40          
     41 
     42 
     43  
     44 
     45  
     46 
     47 
     48 # 8 "./program/main.f90" 2 
     49  PROGRAM MAIN
     50 !*************************************************************************
     51    use velocity
     52    use io
	.......1  
(1) Error in opening the compiled module file.  Check INCLUDE paths.   [IO]

     53    implicit none
     54    real :: d_start, d_stop

Page 3           Source Listing                  
2023-01-27 11:39                                 ./program/main.f90

     55    integer:: ierr
     56 
     57    call initialise()
     58 
     59    call mpi_barrier(mpi_comm_world,ierr)
	....................1                    
(1) This name does not have a type, and must have an explicit type.   [MPI_COMM_WORLD]

     60 
     61    
     62    do while(.not.terminate())
     63 
     64       call vel_imposesym()
     65       call vel_transform()
     66       call vel_nonlinear()
     67       call var_null(2)
     68       if(d_timestep<0d0) then
     69          call vel_maxtstep()
     70          call tim_new_tstep()
     71          if(tim_new_dt)  &
     72             call vel_matrices()
     73       end if        
     74       call var_null(1)
     75 
     76 ! Estadisticas on the fly aquí!!!!
     77 
     78 !!!!!!!!!!!! call io_write2files()
     79       call vel_predictor()
     80       tim_it = 1
     81 
     82       do while(tim_it/=0)
     83          call vel_transform()
     84          call vel_nonlinear()
     85          call var_null(2)
     86          call vel_corrector()
     87          call tim_check_cgce()
     88       end do
     89 
     90       tim_t    = tim_t    + tim_dt
     91       tim_step = tim_step + 1
     92 
     93    end do
     94 ! end main loop
     95 
     96    call cleanup()
     97    stop
     98 
     99  contains
    100 
    101 
    102 !-------------------------------------------------------------------------
    103 !  Termaination conditions
    104 !-------------------------------------------------------------------------
    105    logical function terminate()
    106       logical :: file_exist
    107             
    108       if(mpi_rnk==0) then

Page 4           Source Listing                  
2023-01-27 11:39                                 ./program/main.f90

    109          terminate = .false.
    110       
    111          if(tim_step==i_maxtstep) then
    112             terminate = .true.
    113             print*, 'maxtstep reached!'
    114          end if
    115 
    116          if(d_maxt>0d0 .and. tim_t>=d_maxt) then
    117             terminate = .true.
    118             print*, 'maxt reached!'
    119          end if
    120 
    121          call clk_time(d_stop)
    122          if(dble(d_stop-d_start)/36d2 >= d_cpuhours) then
    123             terminate = .true.
    124             print*, 'cpuhours reached!'
    125          end if
    126 
    127          if( modulo(tim_step,i_save_rate2)==0) then
    128             inquire(file='RUNNING', exist=file_exist)
    129             if(.not. file_exist) then
    130                terminate = .true.
    131                print*, 'RUNNING deleted !'
    132             end if
    133          end if
    134       end if
    135 
    136 # 97
    137 
    138 
    139    end function terminate
    140 
    141 
    142 !-------------------------------------------------------------------------
    143 !  Initialisation
    144 !-------------------------------------------------------------------------
    145    subroutine initialise()
    146       logical :: file_exist
	.................1          
(1) This variable has not been used.   [FILE_EXIST]

    147 
    148       call mpi_precompute()
    149       if(mpi_rnk==0) then
    150          call system('touch PRECOMPUTING')
    151          call system('echo $HOSTNAME > HOST')
    152       end if
    153 
    154       if(mpi_rnk==0)  print*, 'precomputing function requisites...'
    155 
    156       call par_precompute()
    157       call mes_precompute()
    158       call var_precompute()
    159       call tra_precompute()
    160       call tim_precompute()
    161       call vel_precompute()
    162       call  io_precompute()

Page 5           Source Listing                  
2023-01-27 11:39                                 ./program/main.f90

    163    
    164       if(mpi_rnk==0)  print*, 'loading state...'
    165       tim_dt = 1d99
    166       call io_load_state()
    167       call vel_matrices()
    168 
    169       if(mpi_rnk==0)  print*, 'initialising output files...'
    170       call io_openfiles()
    171 
    172       if(mpi_rnk==0) then
    173          open (99, file='PRECOMPUTING')
    174          close(99, status='delete')
    175          open (99, file='RUNNING')
    176          write(99,*) 'This file indicates a job running in this directory.'
    177          write(99,*) 'Delete this file to cleanly terminate the process.'
    178          close(99)
    179          print*, 'timestepping.....'
    180       end if
    181       
    182       call clk_time(d_start)
    183    
    184    end subroutine initialise
    185 
    186 !-------------------------------------------------------------------------
    187 !  Program closure
    188 !-------------------------------------------------------------------------
    189    subroutine cleanup()
    190       logical :: file_exist
    191    
    192       if(mpi_rnk==0) then
    193          print*, 'cleanup...'
    194          call clk_time(d_stop)
    195          print*, ' sec/step  = ', (d_stop-d_start)/real(tim_step)
    196 
    197          print*, ' CPU time  = ', int((d_stop-d_start)/6d1), ' mins.'
    198 # 160
    199 
    200       end if
    201       
    202 !!!!call io_save_state()
    203 !!!!call io_closefiles()
    204 
    205       if(mpi_rnk==0) then
    206          inquire(file='RUNNING', exist=file_exist)
    207          if(file_exist) open(99, file='RUNNING')
    208          if(file_exist) close(99, status='delete')
    209       end if      
    210 
    211 # 175
    212 
    213       if(mpi_rnk==0) print*, '...done!'
    214 
    215    end subroutine cleanup
    216 
    217 
    218 !-------------------------------------------------------------------------
    219    subroutine clk_time(t)

Page 6           Source Listing                  
2023-01-27 11:39                                 ./program/main.f90

    220       real, intent(out) :: t
    221 
    222       call cpu_time(t)
    223 # 192
    224 
    225    end subroutine clk_time
    226          
    227 !*************************************************************************
    228  END PROGRAM MAIN
    229 !*************************************************************************
    230 

Page 7           Source Listing                  
2023-01-27 11:39                                 ./program/main.f90


COMPILER OPTIONS BEING USED

       -align noall                          -align nonone
       -align nocommons                      -align nodcommons
       -align noqcommons                     -align nozcommons
       -align records                        -align nosequence
       -align norec1byte                     -align norec2byte
       -align norec4byte                     -align norec8byte
       -align norec16byte                    -align norec32byte
       -align norec64byte                    -align noarray8byte
       -align noarray16byte                  -align noarray32byte
       -align noarray64byte                  -align noarray128byte
       -align noarray256byte                 -altparam
       -assume accuracy_sensitive            -assume nobscc
       -assume nobuffered_io                 -assume nobuffered_stdout
       -assume nobyterecl                    -assume nocontiguous_assumed_shape
       -assume nocontiguous_pointer          -assume nocc_omp
       -assume nocstring                     -assume nodummy_aliases
       -assume nofailed_images               -assume nofpe_summary
       -assume noieee_compares               -assume noieee_fpe_flags
       -assume nominus0                      -assume noold_boz
       -assume old_complex_align             -assume old_unit_star
       -assume old_inquire_recl              -assume old_ldout_format
       -assume old_ldout_zero                -assume noold_logical_assign
       -assume noold_logical_ldio            -assume old_maxminloc
       -assume old_xor                       -assume noprotect_allocates
       -assume protect_constants             -assume noprotect_parens
       -assume realloc_lhs                   -assume norecursion
       -assume split_common                  -assume source_include
       -assume nostd_intent_in               -assume std_minus0_rounding
       -assume nostd_mod_proc_name           -assume std_value
       -assume underscore                    -assume no2underscores
  no   -auto                                 -auto_scalar
  no   -bintext                              -ccdefault default
       -check arg_temp_created               -check assume
       -check bounds                         -check contiguous
       -check format                         -check output_conversion
       -check overflow                       -check pointers
       -check shape                          -check stack
       -check teams                          -check uninitialized
       -check udio_iostat                    -coarray-num-procs 0
  no   -coarray-config-file                  -convert native
       -cross_reference                      -D __INTEL_COMPILER=2021
       -D __INTEL_COMPILER_UPDATE=4          -D __unix__
       -D __unix                             -D __linux__
       -D __linux                            -D __gnu_linux__
       -D unix                               -D linux
       -D __ELF__                            -D __x86_64
       -D __x86_64__                         -D __amd64
       -D __amd64__                          -D __INTEL_COMPILER_BUILD_DATE=20210910
       -D __PIC__                            -D __pic__
       -D __INTEL_OFFLOAD                    -D __MMX__
       -D __SSE__                            -D __SSE_MATH__
       -D __SSE2__                           -D __SSE2_MATH__
       -D __pentium4                         -D __pentium4__
       -D __tune_pentium4__                  -double_size 64

Page 8           Source Listing                  
2023-01-27 11:39                                 ./program/main.f90

  no   -d_lines                         no   -Qdyncom
       -error_limit 30                  no   -f66
  no   -f77rtl                          no   -fast
       -fpscomp nofilesfromcmd               -fpscomp nogeneral
       -fpscomp noioformat                   -fpscomp noldio_spacing
       -fpscomp nologicals              no   -fpconstant
       -fpe0                                 -fprm nearest
  no   -ftz                                  -fp_model noprecise
       -fp_model fast                        -fp_model nostrict
       -fp_model nosource                    -fp_model nodouble
       -fp_model noextended                  -fp_model novery_fast
       -fp_model noexcept                    -fp_model nono_except
       -fp_modbits nofp_contract             -fp_modbits nono_fp_contract
       -fp_modbits nofenv_access             -fp_modbits nono_fenv_access
       -fp_modbits nocx_limited_range        -fp_modbits nono_cx_limited_range
       -fp_modbits noprec_div                -fp_modbits nono_prec_div
       -fp_modbits noprec_sqrt               -fp_modbits nono_prec_sqrt
       -fp_modbits noftz                     -fp_modbits nono_ftz
       -fp_modbits nointrin_limited_range       -fp_modbits nono_intrin_limited_range
       -fp_modbits notrunc_compares          -fp_modbits nono_trunc_compares
       -fp_modbits noieee_nan_compares       -fp_modbits nono_ieee_nan_compares
       -fp_modbits honor_f32_conversion       -fp_modbits nono_honor_f32_conversion
       -fp_modbits honor_f64_conversion       -fp_modbits nono_honor_f64_conversion
       -fp_modbits nono_x87_copy             -fp_modbits nono_no_x87_copy
       -fp_modbits noexception_semantics       -fp_modbits nono_exception_semantics
       -fp_modbits noprecise_libm_functions       -fp_modbits nono_precise_libm_functions
       -heap_arrays 0                   no   -threadprivate_compat
       -free                                 -g2
       -iface nomixed_str_len_arg            -iface nono_mixed_str_len_arg
       -init noarrays                        -init nohuge
       -init noinfinity                      -init nominus_huge
       -init nominus_infinity                -init nominus_tiny
       -init nonan                           -init nosnan
       -init notiny                          -init nozero
  no   -intconstant                          -integer_size 32
  no   -mixed_str_len_arg               no   -module
       -names lowercase                 no   -noinclude
  no   -o                                    -offload-build=host
       -O0                              no   -pad_source
       -real_size 32                    no   -recursive
       -reentrancy threaded                  -vec=simd
       -show nofullpath                      -show noinclude
       -show map                             -show options
  no   -syntax_only                     no   -threadcom
  no   -U                               no   -vms
       -w noall                              -w nonone
       -w alignments                         -w nodeclarations
       -w noexternals                        -w general
       -w noignore_bounds                    -w noignore_loc
       -w nointerfaces                       -w noshape
       -w notruncated_source                 -w uncalled
       -w uninitialized                      -w unused
       -w usage                         no   -wrap-margins

       -includepath : /home/intel/oneapi/mpi/2021.4.0//include/,/home/intel/oneapi/dpl/2021.5.0/linux/include/,/home/intel/oneapi/compiler/2021.4.0/linux/include/,
           /usr/local/include/,.f90,./program/.f90,./.f90,/home/intel/oneapi/vpl/2021.6.0/include/.f90,/home/intel/oneapi/tbb/2021.4.0/env/../include/.f90,
           /home/intel/oneapi/mpi/2021.4.0//include/.f90,/home/intel/oneapi/mkl/2021.4.0/include/.f90,/home/intel/oneapi/ipp/2021.4.0/include/.f90,

Page 9           Source Listing                  
2023-01-27 11:39                                 ./program/main.f90

           /home/intel/oneapi/ippcp/2021.4.0/include/.f90,/home/intel/oneapi/ipp/2021.4.0/include/.f90,/home/intel/oneapi/dpl/2021.5.0/linux/include/.f90,
           /home/intel/oneapi/dpcpp-ct/2021.4.0/include/.f90,/home/intel/oneapi/dnnl/2021.4.0/cpu_dpcpp_gpu_dpcpp/lib/.f90,
           /home/intel/oneapi/dev-utilities/2021.4.0/include/.f90,/home/intel/oneapi/dal/2021.4.0/include/.f90,/home/intel/oneapi/compiler/2021.4.0/linux/include/.f90,
           /home/intel/oneapi/ccl/2021.4.0/include/cpu_gpu_dpcpp/.f90,/home/intel/oneapi/compiler/2021.4.0/linux/bin/intel64/../../compiler/include/intel64/.f90,
           /home/intel/oneapi/compiler/2021.4.0/linux/bin/intel64/../../compiler/include/icc/.f90,/home/intel/oneapi/compiler/2021.4.0/linux/bin/intel64/../../compiler/include/.f90,
           /usr/local/include/.f90,/usr/lib/gcc/x86_64-linux-gnu/9/include/.f90,/usr/include/.f90,/usr/include/.f90,
           /usr/include/x86_64-linux-gnu/.f90,/usr/include/.f90
       -list filename : main.lst
  no   -o

COMPILER: Intel(R) Fortran 2021.4.0-2742
