Page 1           Source Listing                  TRA_PRECOMPUTE
2023-01-27 11:38                                 /tmp/iforta9qiRk.i90

      1 # 1 "./program/transform.fftw3.f90"
      2 !*************************************************************************
      3 ! Transformation using the FFT, de-aliased.
      4 ! Written for FFTW version 3 -- documentation at  www.fftw.org
      5 ! See FFTW reference, sections 2.3, 4.3.3, 4.4.1-2
      6 !
      7 ! \sum_{-Ma}^{Ma} == \sum_0^{3M-1}
      8 ! logical size of DFT n==3M=Th
      9 !
     10 !*************************************************************************
     11 # 1 "./program/../parallel.h" 1 
     12 
     13 
     14 
     15  
     16 
     17 
     18 
     19  
     20 
     21  
     22 
     23 # 14
     24 
     25 
     26 
     27 
     28 
     29 
     30  
     31 # 23
     32 
     33 
     34  
     35 # 44
     36 
     37  
     38 
     39 
     40 
     41 # 54
     42 
     43          
     44 
     45 
     46  
     47 
     48  
     49 
     50 
     51 # 11 "./program/transform.fftw3.f90" 2 
     52  module transform
     53 !*************************************************************************
     54    use parameters
     55    use variables
     56    implicit none
     57    save

Page 2           Source Listing                  TRA_PRECOMPUTE
2023-01-27 11:38                                 ./program/transform.fftw3.f90

     58 
     59    integer, parameter, private :: i_3K = 3*i_K
     60    integer, parameter, private :: i_3M = 3*i_M
     61    integer, parameter, private :: i_Ma = (3*i_M)/2
     62    double complex,     private :: X(0:i_3K-1, 0:(i_M/1)-1)
     63    double complex,     private :: Y(0:i_3K-1, 0:(i_M/1)-1)
     64    double complex,     private :: Xs(0:i_pZ-1, 0:i_Ma)
     65    double precision,   private :: Ys(0:i_pZ-1, 0:i_3M-1)
     66    integer*8,          private :: plan_c2cf, plan_c2cb, plan_r2c, plan_c2r
     67 
     68    double complex,     private :: T(0:i_3K-1, 0:(i_M/1)-1, i_pN)
     69    double complex,     private :: Ts(0:i_pZ-1, 0:i_M1, i_pN)
     70    type (spec),        private :: s1,s2,s3
     71 
     72  contains
     73 
     74 !------------------------------------------------------------------------
     75 ! Setup plans for transforms.
     76 !------------------------------------------------------------------------
     77    subroutine tra_precompute()
     78       integer, parameter :: flag=32 !=FFTW_PATIENT see fftw3.f
     79       integer :: sgn, n(1), howmany, inembed(1), onembed(1)
     80  
     81       n = (/i_3K/)            
     82       howmany = (i_M/1)
     83       inembed = (/i_3K*(i_M/1)/)
     84       onembed = (/i_3K*(i_M/1)/)
     85       sgn = 1
     86       call dfftw_plan_many_dft(plan_c2cf, 1, n, howmany,  &
     87          X, inembed, 1, i_3K,  Y, onembed, 1, i_3K,  sgn, flag)
     88       sgn = -1
     89       call dfftw_plan_many_dft(plan_c2cb, 1, n, howmany,  &
     90          Y, onembed, 1, i_3K,  X, inembed, 1, i_3K,  sgn, flag)
     91 
     92       n = (/i_3M/)
     93       howmany = i_pZ
     94       inembed = (/i_pZ*(i_Ma+1)/)
     95       onembed = (/i_pZ*i_3M/)
     96       call dfftw_plan_many_dft_c2r(plan_c2r, 1, n, howmany,  &
     97          Xs, inembed, i_pZ, 1,  Ys, onembed, i_pZ, 1,  flag)
     98       call dfftw_plan_many_dft_r2c(plan_r2c, 1, n, howmany,  &
     99          Ys, onembed, i_pZ, 1,  Xs, inembed, i_pZ, 1,  flag)
    100       
    101    end subroutine tra_precompute

Page 3           Source Listing                  TRA_PRECOMPUTE
2023-01-27 11:38 Entry Points                    ./program/transform.fftw3.f90



ENTRY POINTS

  Name                                    
                                          
 transform_mp_tra_precompute_             


SYMBOL CROSS REFERENCE

 Name                       Object Declared Type            Bytes Dimen Elements Attributes       References                        
                                                                                                                                    
 DFFTW_PLAN_MANY_DFT        Subr   86                                                             86,89                             
 DFFTW_PLAN_MANY_DFT_C2R    Subr   96                                                             96                                
 DFFTW_PLAN_MANY_DFT_R2C    Subr   98                                                             98                                
 FLAG                       Param  78       I(4)            4           scalar                    87,90,97,99                       
 HOWMANY                    Local  79       I(4)            4           scalar                    82,86,89,93,96,98                 
 INEMBED                    Local  79       I(4)            4     1     1                         83,87,90,94,97,99                 
 I_3K                       Param  81       I(4)            4           scalar   PRIV             59,62,63,68,81,83,84,87,90,193    
 I_3M                       Param  92       I(4)            4           scalar   PRIV             60,65,92,95,193                   
 I_M                        Param  82       I(4)            4           scalar                    60,61,62,63,68,82,83,84,165,176,21
                                                                                                  2                                 
 I_MA                       Param  94       I(4)            4           scalar   PRIV             61,64,94                          
 I_PZ                       Param  93       I(4)            4           scalar                    64,65,69,93,94,95,97,99           
 N                          Local  79       I(4)            4     1     1                         81,86,89,92,96,98                 
 ONEMBED                    Local  79       I(4)            4     1     1                         84,87,90,95,97,99                 
 PLAN_C2CB                  Local  89       I(8)            8           scalar   PRIV,SAVE        66,89,202                         
 PLAN_C2CF                  Local  86       I(8)            8           scalar   PRIV,SAVE        66,86,171                         
 PLAN_C2R                   Local  96       I(8)            8           scalar   PRIV,SAVE        66,96,177                         
 PLAN_R2C                   Local  98       I(8)            8           scalar   PRIV,SAVE        66,98,197                         
 SGN                        Local  79       I(4)            4           scalar                    85,87,88,90                       
 TRA_PRECOMPUTE             Subr   77                                                                                               
 X                          Local  87       C(16)           16    2     786432   PRIV,SAVE        62,87,90,156,157,158,166,167,168,2
                                                                                                  04,205,213,214,215,216            
 XS                         Local  97       C(16)           16    2     1181184  PRIV,SAVE        64,97,99,173,176,199              
 Y                          Local  87       C(16)           16    2     786432   PRIV,SAVE        63,87,90,173,199                  
 YS                         Local  97       R(8)            8     2     2359296  PRIV,SAVE        65,97,99,178,196                  

Page 4           Source Listing                  TRA_PRECOMPUTE
2023-01-27 11:38                                 ./program/transform.fftw3.f90

    102 
    103 
    104 !-------------------------------------------------------------------------
    105 !  convert collocated -> physical space
    106 !-------------------------------------------------------------------------
    107    subroutine tra_coll2phys(c,p, c2,p2, c3,p3)
    108       type (coll), intent(in)  :: c
    109       type (phys), intent(out) :: p
    110       type (coll), intent(in),  optional :: c2,c3
    111       type (phys), intent(out), optional :: p2,p3
    112       integer :: nc
    113       nc = 1
    114       if(present(c2)) nc = 2
    115       if(present(c3)) nc = 3
    116       if(nc==1)  call var_coll2spec(c, s1)
    117       if(nc==2)  call var_coll2spec(c,s1, c2,s2)
    118       if(nc==3)  call var_coll2spec(c,s1, c2,s2, c3,s3)
    119       if(nc>=1)  call tra_spec2phys(s1, p)
    120       if(nc>=2)  call tra_spec2phys(s2, p2)
    121       if(nc>=3)  call tra_spec2phys(s3, p3)
    122    end subroutine tra_coll2phys


ENTRY POINTS

  Name                                   
                                         
 transform_mp_tra_coll2phys_             

Page 5           Source Listing                  TRA_COLL2PHYS
2023-01-27 11:38 Symbol Table                    ./program/transform.fftw3.f90



SYMBOL CROSS REFERENCE

 Name                       Object Declared Type            Bytes Dimen Elements Attributes       References                        
                                                                                                                                    
 C                          Dummy  107      COLL            16090       scalar   ARG,IN           116,117,118                       
                                                            39872                                                                   
 C2                         Dummy  107      COLL            16090       scalar   ARG,IN           114,117,118                       
                                                            39872                                                                   
 C3                         Dummy  107      COLL            16090       scalar   ARG,IN           115,118                           
                                                            39872                                                                   
 COLL                       Type   108                                  scalar                    108,110,130,132                   
 NC                         Local  112      I(4)            4           scalar                    113,114,115,116,117,118,119,120,12
                                                                                                  1                                 
 P                          Dummy  107      PHYS            36238       scalar   ARG,OUT          119                               
                                                            78656                                                                   
 P2                         Dummy  107      PHYS            36238       scalar   ARG,OUT          120                               
                                                            78656                                                                   
 P3                         Dummy  107      PHYS            36238       scalar   ARG,OUT          121                               
                                                            78656                                                                   
 PHYS                       Type   109                                  scalar                    109,111,129,131,151,188           
 PRESENT                    Func   114                                  scalar                    114,115                           
 S1                         Local  116      SPEC            16090       scalar   PRIV,SAVE        70,116,117,118,119,137,140,141,142
                                                            39872                                                                   
 S2                         Local  117      SPEC            16090       scalar   PRIV,SAVE        70,117,118,120,138,141,142        
                                                            39872                                                                   
 S3                         Local  118      SPEC            16090       scalar   PRIV,SAVE        70,118,121,139,142                
                                                            39872                                                                   
 TRA_COLL2PHYS              Subr   107                                                                                              
 VAR_COLL2SPEC              Subr   116                                                            116,117,118                       

Page 6           Source Listing                  TRA_COLL2PHYS
2023-01-27 11:38                                 ./program/transform.fftw3.f90

    123 
    124 
    125 !-------------------------------------------------------------------------
    126 !  convert collocated -> physical space
    127 !-------------------------------------------------------------------------
    128    subroutine tra_phys2coll(p,c, p2,c2, p3,c3)
    129       type (phys), intent(in)  :: p
    130       type (coll), intent(out) :: c
    131       type (phys), intent(in),  optional :: p2,p3
    132       type (coll), intent(out), optional :: c2,c3
    133       integer :: nc
    134       nc = 1
    135       if(present(c2)) nc = 2
    136       if(present(c3)) nc = 3
    137       if(nc>=1)  call tra_phys2spec(p,  s1)
    138       if(nc>=2)  call tra_phys2spec(p2, s2)
    139       if(nc>=3)  call tra_phys2spec(p3, s3)
    140       if(nc==1)  call var_spec2coll(s1, c)
    141       if(nc==2)  call var_spec2coll(s1,c, s2,c2)
    142       if(nc==3)  call var_spec2coll(s1,c, s2,c2, s3,c3)
    143    end subroutine tra_phys2coll


ENTRY POINTS

  Name                                   
                                         
 transform_mp_tra_phys2coll_             

Page 7           Source Listing                  TRA_PHYS2COLL
2023-01-27 11:38 Symbol Table                    ./program/transform.fftw3.f90



SYMBOL CROSS REFERENCE

 Name                       Object Declared Type            Bytes Dimen Elements Attributes       References                        
                                                                                                                                    
 C                          Dummy  128      COLL            16090       scalar   ARG,OUT          140,141,142                       
                                                            39872                                                                   
 C2                         Dummy  128      COLL            16090       scalar   ARG,OUT          135,141,142                       
                                                            39872                                                                   
 C3                         Dummy  128      COLL            16090       scalar   ARG,OUT          136,142                           
                                                            39872                                                                   
 NC                         Local  133      I(4)            4           scalar                    134,135,136,137,138,139,140,141,14
                                                                                                  2                                 
 P                          Dummy  128      PHYS            36238       scalar   ARG,IN           137                               
                                                            78656                                                                   
 P2                         Dummy  128      PHYS            36238       scalar   ARG,IN           138                               
                                                            78656                                                                   
 P3                         Dummy  128      PHYS            36238       scalar   ARG,IN           139                               
                                                            78656                                                                   
 PRESENT                    Func   135                                  scalar                    135,136                           
 TRA_PHYS2COLL              Subr   128                                                                                              
 VAR_SPEC2COLL              Subr   140                                                            140,141,142                       

Page 8           Source Listing                  TRA_PHYS2COLL
2023-01-27 11:38                                 ./program/transform.fftw3.f90

    144 
    145 
    146 !------------------------------------------------------------------------
    147 !  Convert spectral to real space
    148 !------------------------------------------------------------------------
    149    subroutine tra_spec2phys(s, p)
    150       type (spec), intent(in)  :: s
    151       type (phys), intent(out) :: p
    152       integer :: nh, n,m,m_
    153 ! for each r_n ...
    154       do n = 1, mes_D%pN
    155          if(mpi_rnk/1==0) then
    156             X(0:i_K1,   0) = dcmplx(s%Re(0:i_K1,n),s%Im(0:i_K1,n))
    157             X(i_K:2*i_K,0) = 0d0
    158             X(2*i_K+1:, 0) = dcmplx(s%Re(i_K1:1:-1,n),-s%Im(i_K1:1:-1,n))
    159             m_ = 1
    160             nh = 2*i_K-1
    161          else
    162             m_ = 0
    163             nh = i_K1
    164          end if
    165          do m = m_, ((i_M/1)-1)
    166             X(0:i_K1,   m) = dcmplx(s%Re(nh:nh+i_K1,n),s%Im(nh:nh+i_K1,n))
    167             X(i_K:2*i_K,m) = 0d0
    168             X(2*i_K+1:, m) = dcmplx(s%Re(nh-i_K1:nh-1,n),s%Im(nh-i_K1:nh-1,n))
    169             nh = nh + 2*i_K-1
    170          end do
    171          call dfftw_execute(plan_c2cf)
    172 
    173          Xs(:,0:i_M1) = Y
    174 # 139
    175 
    176          Xs(:,i_M:) = 0d0
    177          call dfftw_execute(plan_c2r)
    178          p%Re(:,:,n) = Ys
    179       end do
    180    
    181    end subroutine tra_spec2phys

Page 9           Source Listing                  TRA_SPEC2PHYS
2023-01-27 11:38 Entry Points                    ./program/transform.fftw3.f90



ENTRY POINTS

  Name                                   
                                         
 transform_mp_tra_spec2phys_             


SYMBOL CROSS REFERENCE

 Name                       Object Declared Type            Bytes Dimen Elements Attributes       References                        
                                                                                                                                    
 DCMPLX                     Func   156                                  scalar                    156,158,166,168                   
 DFFTW_EXECUTE              Subr   171                                                            171,177                           
 I_K                        Param  157      I(4)            4           scalar                    59,157,158,160,167,168,169,207,215
                                                                                                  ,216,217                          
 I_K1                       Param  156      I(4)            4           scalar                    156,158,163,166,168,204,205,210,21
                                                                                                  3,214,215,216                     
 I_M1                       Param  173      I(4)            4           scalar                    69,173,199                        
 M                          Local  152      I(4)            4           scalar                    165,166,167,168                   
 MES_D                      Local  154      RDOM            83272       scalar   SAVE             154,195                           
 MPI_RNK                    Local  155      I(4)            4           scalar   SAVE             155,203                           
 M_                         Local  152      I(4)            4           scalar                    159,162,165                       
 N                          Local  152      I(4)            4           scalar                    154,156,158,166,168,178           
 NH                         Local  152      I(4)            4           scalar                    160,163,166,168,169               
 P                          Dummy  149      PHYS            36238       scalar   ARG,OUT          178                               
                                                            78656                                                                   
 S                          Dummy  149      SPEC            16090       scalar   ARG,IN           156,158,166,168                   
                                                            39872                                                                   
 SPEC                       Type   150                                  scalar                    70,150,189                        
 TRA_SPEC2PHYS              Subr   149                                                            119,120,121                       


TYPE COMPONENTS/COMMON VARIABLES

 Name                       Type            Bytes Offset   Dimen Elements Attributes       References                         
                                                                                                                              
 PHYS.RE                    R(8)            8     0        3     45298483                  178,196                            
                                                                 2                                                            
 RDOM.PN                    I(4)            4     8              scalar                    154,195                            
 SPEC.IM                    R(8)            8     80451993 2     10056499                  156,158,166,168,205,214,216        
                                                  6              2                                                            
 SPEC.RE                    R(8)            8     0        2     10056499                  156,158,166,168,204,213,215        
                                                                 2                                                            

Page 10          Source Listing                  TRA_SPEC2PHYS
2023-01-27 11:38                                 ./program/transform.fftw3.f90

    182 
    183 
    184 !------------------------------------------------------------------------
    185 !  Convert real to spectral space
    186 !------------------------------------------------------------------------
    187    subroutine tra_phys2spec(p, s)
    188       type (phys), intent (in)  :: p
    189       type (spec), intent (out) :: s
    190       integer :: nh, n,m, m_
    191       double precision :: scale_
    192 ! scale, FFTW 4.7.2
    193       scale_ = 1d0 / dble(i_3K*i_3M)
    194 
    195       do n = 1, mes_D%pN
    196          Ys = scale_ * p%Re(:,:,n)
    197          call dfftw_execute(plan_r2c)
    198 
    199          Y = Xs(:,0:i_M1)
    200 # 170
    201 
    202          call dfftw_execute(plan_c2cb)
    203          if(mpi_rnk/1==0) then
    204             s%Re(0:i_K1,n) =  dble(X(0:i_K1,0))
    205             s%Im(0:i_K1,n) = dimag(X(0:i_K1,0))
    206             m_ = 1
    207             nh = 2*i_K-1
    208          else
    209             m_ = 0
    210             nh = i_K1
    211          end if
    212          do m = m_, ((i_M/1)-1)
    213             s%Re(nh:nh+i_K1,n) =  dble(X(0:i_K1,m))
    214             s%Im(nh:nh+i_K1,n) = dimag(X(0:i_K1,m))
    215             s%Re(nh-i_K1:nh-1,n) =  dble(X(2*i_K+1:,m))
    216             s%Im(nh-i_K1:nh-1,n) = dimag(X(2*i_K+1:,m))
    217             nh = nh + 2*i_K-1
    218          end do
    219       end do
    220          
    221    end subroutine tra_phys2spec

Page 11          Source Listing                  TRA_PHYS2SPEC
2023-01-27 11:38 Entry Points                    ./program/transform.fftw3.f90



ENTRY POINTS

  Name                                   
                                         
 transform_mp_tra_phys2spec_             


SYMBOL CROSS REFERENCE

 Name                       Object Declared Type            Bytes Dimen Elements Attributes       References                        
                                                                                                                                    
 DBLE                       Func   193                                  scalar                    193,204,213,215                   
 DFFTW_EXECUTE              Subr   197                                                            197,202                           
 DIMAG                      Func   205                                  scalar                    205,214,216                       
 M                          Local  190      I(4)            4           scalar                    212,213,214,215,216               
 M_                         Local  190      I(4)            4           scalar                    206,209,212                       
 N                          Local  190      I(4)            4           scalar                    195,196,204,205,213,214,215,216   
 NH                         Local  190      I(4)            4           scalar                    207,210,213,214,215,216,217       
 P                          Dummy  187      PHYS            36238       scalar   ARG,IN           196                               
                                                            78656                                                                   
 S                          Dummy  187      SPEC            16090       scalar   ARG,OUT          204,205,213,214,215,216           
                                                            39872                                                                   
 SCALE_                     Local  191      R(8)            8           scalar                    193,196                           
 TRA_PHYS2SPEC              Subr   187                                                            137,138,139                       

Page 12          Source Listing                  TRA_PHYS2SPEC
2023-01-27 11:38 Symbol Table                    ./program/transform.fftw3.f90



SYMBOL CROSS REFERENCE

 Name                       Object Declared Type            Bytes Dimen Elements Attributes       References                        
                                                                                                                                    
 I_PN                       Param  68       I(4)            4           scalar                    68,69                             
 PARAMETERS                 Module 54                                                             54                                
 T                          Local  68       C(16)           16    3     15099494 PRIV,SAVE        68                                
                                                                        4                                                           
 TRANSFORM                  Module 52                                                                                               
 TS                         Local  69       C(16)           16    3     15099494 PRIV,SAVE        69                                
                                                                        4                                                           
 VARIABLES                  Module 55                                                             55                                

Page 13          Source Listing                  TRA_PHYS2SPEC
2023-01-27 11:38                                 ./program/transform.fftw3.f90

    222 
    223 
    224 !------------------------------------------------------------------------
    225 ! transposes
    226 !------------------------------------------------------------------------
    227 # 311
    228 
    229 
    230 !*************************************************************************
    231  end module transform
    232 !*************************************************************************

Page 14          Source Listing                  TRA_PHYS2SPEC
2023-01-27 11:38 Subprograms/Common Blocks       ./program/transform.fftw3.f90



SUBPROGRAMS/COMMON BLOCKS

 Name                       Object Declared Type            Bytes Dimen Elements Attributes       References                        
                                                                                                                                    
 TRANSFORM                  Module 52                                                                                               
 TRA_COLL2PHYS              Subr   107                                                                                              
 TRA_PHYS2COLL              Subr   128                                                                                              
 TRA_PHYS2SPEC              Subr   187                                                            137,138,139                       
 TRA_PRECOMPUTE             Subr   77                                                                                               
 TRA_SPEC2PHYS              Subr   149                                                            119,120,121                       

COMPILER OPTIONS BEING USED

       -align noall                          -align nonone
       -align nocommons                      -align nodcommons
       -align noqcommons                     -align nozcommons
       -align records                        -align nosequence
       -align norec1byte                     -align norec2byte
       -align norec4byte                     -align norec8byte
       -align norec16byte                    -align norec32byte
       -align norec64byte                    -align noarray8byte
       -align noarray16byte                  -align noarray32byte
       -align noarray64byte                  -align noarray128byte
       -align noarray256byte                 -altparam
       -assume accuracy_sensitive            -assume nobscc
       -assume nobuffered_io                 -assume nobuffered_stdout
       -assume nobyterecl                    -assume nocontiguous_assumed_shape
       -assume nocontiguous_pointer          -assume nocc_omp
       -assume nocstring                     -assume nodummy_aliases
       -assume nofailed_images               -assume nofpe_summary
       -assume noieee_compares               -assume noieee_fpe_flags
       -assume nominus0                      -assume noold_boz
       -assume old_complex_align             -assume old_unit_star
       -assume old_inquire_recl              -assume old_ldout_format
       -assume old_ldout_zero                -assume noold_logical_assign
       -assume noold_logical_ldio            -assume old_maxminloc
       -assume old_xor                       -assume noprotect_allocates
       -assume protect_constants             -assume noprotect_parens
       -assume realloc_lhs                   -assume norecursion
       -assume split_common                  -assume source_include
       -assume nostd_intent_in               -assume std_minus0_rounding
       -assume nostd_mod_proc_name           -assume std_value
       -assume underscore                    -assume no2underscores
  no   -auto                                 -auto_scalar
  no   -bintext                              -ccdefault default
       -check arg_temp_created               -check assume
       -check bounds                         -check contiguous
       -check format                         -check output_conversion
       -check overflow                       -check pointers
       -check shape                          -check stack
       -check teams                          -check uninitialized
       -check udio_iostat                    -coarray-num-procs 0
  no   -coarray-config-file                  -convert native
       -cross_reference                      -D __INTEL_COMPILER=2021
       -D __INTEL_COMPILER_UPDATE=4          -D __unix__

Page 15          Source Listing                  TRA_PHYS2SPEC
2023-01-27 11:38                                 ./program/transform.fftw3.f90

       -D __unix                             -D __linux__
       -D __linux                            -D __gnu_linux__
       -D unix                               -D linux
       -D __ELF__                            -D __x86_64
       -D __x86_64__                         -D __amd64
       -D __amd64__                          -D __INTEL_COMPILER_BUILD_DATE=20210910
       -D __PIC__                            -D __pic__
       -D __INTEL_OFFLOAD                    -D __MMX__
       -D __SSE__                            -D __SSE_MATH__
       -D __SSE2__                           -D __SSE2_MATH__
       -D __pentium4                         -D __pentium4__
       -D __tune_pentium4__                  -double_size 64
  no   -d_lines                         no   -Qdyncom
       -error_limit 30                  no   -f66
  no   -f77rtl                          no   -fast
       -fpscomp nofilesfromcmd               -fpscomp nogeneral
       -fpscomp noioformat                   -fpscomp noldio_spacing
       -fpscomp nologicals              no   -fpconstant
       -fpe0                                 -fprm nearest
  no   -ftz                                  -fp_model noprecise
       -fp_model fast                        -fp_model nostrict
       -fp_model nosource                    -fp_model nodouble
       -fp_model noextended                  -fp_model novery_fast
       -fp_model noexcept                    -fp_model nono_except
       -fp_modbits nofp_contract             -fp_modbits nono_fp_contract
       -fp_modbits nofenv_access             -fp_modbits nono_fenv_access
       -fp_modbits nocx_limited_range        -fp_modbits nono_cx_limited_range
       -fp_modbits noprec_div                -fp_modbits nono_prec_div
       -fp_modbits noprec_sqrt               -fp_modbits nono_prec_sqrt
       -fp_modbits noftz                     -fp_modbits nono_ftz
       -fp_modbits nointrin_limited_range       -fp_modbits nono_intrin_limited_range
       -fp_modbits notrunc_compares          -fp_modbits nono_trunc_compares
       -fp_modbits noieee_nan_compares       -fp_modbits nono_ieee_nan_compares
       -fp_modbits honor_f32_conversion       -fp_modbits nono_honor_f32_conversion
       -fp_modbits honor_f64_conversion       -fp_modbits nono_honor_f64_conversion
       -fp_modbits nono_x87_copy             -fp_modbits nono_no_x87_copy
       -fp_modbits noexception_semantics       -fp_modbits nono_exception_semantics
       -fp_modbits noprecise_libm_functions       -fp_modbits nono_precise_libm_functions
       -heap_arrays 0                   no   -threadprivate_compat
       -free                                 -g2
       -iface nomixed_str_len_arg            -iface nono_mixed_str_len_arg
       -init noarrays                        -init nohuge
       -init noinfinity                      -init nominus_huge
       -init nominus_infinity                -init nominus_tiny
       -init nonan                           -init nosnan
       -init notiny                          -init nozero
  no   -intconstant                          -integer_size 32
  no   -mixed_str_len_arg               no   -module
       -names lowercase                 no   -noinclude
  no   -o                                    -offload-build=host
       -O0                              no   -pad_source
       -real_size 32                    no   -recursive
       -reentrancy threaded                  -vec=simd
       -show nofullpath                      -show noinclude
       -show map                             -show options
  no   -syntax_only                     no   -threadcom
  no   -U                               no   -vms

Page 16          Source Listing                  TRA_PHYS2SPEC
2023-01-27 11:38                                 ./program/transform.fftw3.f90

       -w noall                              -w nonone
       -w alignments                         -w nodeclarations
       -w noexternals                        -w general
       -w noignore_bounds                    -w noignore_loc
       -w nointerfaces                       -w noshape
       -w notruncated_source                 -w uncalled
       -w uninitialized                      -w unused
       -w usage                         no   -wrap-margins

       -includepath : /home/intel/oneapi/mpi/2021.4.0//include/,/home/intel/oneapi/dpl/2021.5.0/linux/include/,/home/intel/oneapi/compiler/2021.4.0/linux/include/,
           /usr/local/include/,.f90,./program/.f90,./.f90,/home/intel/oneapi/vpl/2021.6.0/include/.f90,/home/intel/oneapi/tbb/2021.4.0/env/../include/.f90,
           /home/intel/oneapi/mpi/2021.4.0//include/.f90,/home/intel/oneapi/mkl/2021.4.0/include/.f90,/home/intel/oneapi/ipp/2021.4.0/include/.f90,
           /home/intel/oneapi/ippcp/2021.4.0/include/.f90,/home/intel/oneapi/ipp/2021.4.0/include/.f90,/home/intel/oneapi/dpl/2021.5.0/linux/include/.f90,
           /home/intel/oneapi/dpcpp-ct/2021.4.0/include/.f90,/home/intel/oneapi/dnnl/2021.4.0/cpu_dpcpp_gpu_dpcpp/lib/.f90,
           /home/intel/oneapi/dev-utilities/2021.4.0/include/.f90,/home/intel/oneapi/dal/2021.4.0/include/.f90,/home/intel/oneapi/compiler/2021.4.0/linux/include/.f90,
           /home/intel/oneapi/ccl/2021.4.0/include/cpu_gpu_dpcpp/.f90,/home/intel/oneapi/compiler/2021.4.0/linux/bin/intel64/../../compiler/include/intel64/.f90,
           /home/intel/oneapi/compiler/2021.4.0/linux/bin/intel64/../../compiler/include/icc/.f90,/home/intel/oneapi/compiler/2021.4.0/linux/bin/intel64/../../compiler/include/.f90,
           /usr/local/include/.f90,/usr/lib/gcc/x86_64-linux-gnu/9/include/.f90,/usr/include/.f90,/usr/include/.f90,
           /usr/include/x86_64-linux-gnu/.f90,/usr/include/.f90
       -list filename : transform.fftw3.lst
  no   -o

COMPILER: Intel(R) Fortran 2021.4.0-2742
