 precomputing function requisites...
 loading state...
 
 Done reading fields
 Time spend reading:     0.074 sc
 initialising output files...
 /data/marcos/pipe10k/source/runs/re180dt.cf
 timestepping.....
  step=           0  dt=  9.9469237E-03
Step    1  0.800590D+04  0.328254D+01  0.179688D+03
Step    6  0.800595D+04  0.390379D+01  0.179695D+03
Step   11  0.800600D+04  0.262541D+01  0.179701D+03
Step   16  0.800604D+04  0.259696D+01  0.179708D+03
Step   21  0.800609D+04  0.261749D+01  0.179716D+03
Step   26  0.800614D+04  0.261376D+01  0.179723D+03
Step   31  0.800618D+04  0.261545D+01  0.179731D+03
Step   36  0.800623D+04  0.262362D+01  0.179739D+03
Step   41  0.800628D+04  0.261427D+01  0.179747D+03
Step   46  0.800633D+04  0.260657D+01  0.179755D+03
Step   51  0.800637D+04  0.263606D+01  0.179763D+03
Step   56  0.800642D+04  0.262122D+01  0.179772D+03
Step   61  0.800647D+04  0.262068D+01  0.179781D+03
Step   66  0.800651D+04  0.262753D+01  0.179789D+03
Step   71  0.800656D+04  0.263095D+01  0.179798D+03
Step   76  0.800661D+04  0.262995D+01  0.179807D+03
Step   81  0.800666D+04  0.260875D+01  0.179816D+03
Step   86  0.800670D+04  0.262498D+01  0.179825D+03
Step   91  0.800675D+04  0.261335D+01  0.179834D+03
Step   96  0.800680D+04  0.260281D+01  0.179843D+03
Step  101  0.800684D+04  0.259862D+01  0.179852D+03
Step  106  0.800689D+04  0.260573D+01  0.179861D+03
Step  111  0.800694D+04  0.259783D+01  0.179869D+03
Step  116  0.800699D+04  0.259690D+01  0.179878D+03
Step  121  0.800703D+04  0.262017D+01  0.179887D+03
Step  126  0.800708D+04  0.262423D+01  0.179896D+03
Step  131  0.800713D+04  0.260481D+01  0.179905D+03
Step  136  0.800718D+04  0.259680D+01  0.179914D+03
Step  141  0.800722D+04  0.260565D+01  0.179922D+03
Step  146  0.800727D+04  0.261661D+01  0.179931D+03
Step  151  0.800732D+04  0.262054D+01  0.179940D+03
Step  156  0.800736D+04  0.260846D+01  0.179948D+03
Step  161  0.800741D+04  0.262437D+01  0.179956D+03
Step  166  0.800746D+04  0.261641D+01  0.179965D+03
Step  171  0.800751D+04  0.262604D+01  0.179973D+03
Step  176  0.800755D+04  0.260861D+01  0.179981D+03
 Writing the file .../data/marcos/pipe10k/source/runs/pipe180lr.7469.h5
  step=         176  dt=  9.4317691E-03
Step  181  0.800760D+04  0.261443D+01  0.179989D+03
Step  186  0.800765D+04  0.261382D+01  0.179997D+03
Step  191  0.800769D+04  0.261005D+01  0.180005D+03
Step  196  0.800774D+04  0.261022D+01  0.180012D+03
Step  201  0.800779D+04  0.262271D+01  0.180020D+03
Step  206  0.800784D+04  0.261300D+01  0.180027D+03
Step  211  0.800788D+04  0.262126D+01  0.180035D+03
Step  216  0.800793D+04  0.259334D+01  0.180042D+03
forrtl: error (78): process killed (SIGTERM)
Image              PC                Routine            Line        Source             
pipe10k            0000000000747BEB  Unknown               Unknown  Unknown
libpthread-2.31.s  00007FF575622420  Unknown               Unknown  Unknown
pipe10k            0000000000420664  Unknown               Unknown  Unknown
pipe10k            000000000041F384  Unknown               Unknown  Unknown
pipe10k            0000000000420BF3  Unknown               Unknown  Unknown
pipe10k            00000000004078C0  Unknown               Unknown  Unknown
pipe10k            00000000004072A2  Unknown               Unknown  Unknown
libc-2.31.so       00007FF575440083  __libc_start_main     Unknown  Unknown
pipe10k            00000000004071AE  Unknown               Unknown  Unknown
forrtl: error (78): process killed (SIGTERM)
Image              PC                Routine            Line        Source             
pipe10k            0000000000747BEB  Unknown               Unknown  Unknown
libpthread-2.31.s  00007FBCFB7E0420  Unknown               Unknown  Unknown
pipe10k            0000000000419125  Unknown               Unknown  Unknown
pipe10k            00000000004199A9  Unknown               Unknown  Unknown
pipe10k            000000000041F3D4  Unknown               Unknown  Unknown
pipe10k            0000000000420BF3  Unknown               Unknown  Unknown
pipe10k            00000000004078C0  Unknown               Unknown  Unknown
pipe10k            00000000004072A2  Unknown               Unknown  Unknown
libc-2.31.so       00007FBCFB5FE083  __libc_start_main     Unknown  Unknown
pipe10k            00000000004071AE  Unknown               Unknown  Unknown
forrtl: error (78): process killed (SIGTERM)
Image              PC                Routine            Line        Source             
pipe10k            0000000000747BEB  Unknown               Unknown  Unknown
libpthread-2.31.s  00007F703E540420  Unknown               Unknown  Unknown
pipe10k            00000000004191D7  Unknown               Unknown  Unknown
pipe10k            00000000004199A9  Unknown               Unknown  Unknown
pipe10k            000000000041F3D4  Unknown               Unknown  Unknown
pipe10k            0000000000420BF3  Unknown               Unknown  Unknown
pipe10k            00000000004078C0  Unknown               Unknown  Unknown
pipe10k            00000000004072A2  Unknown               Unknown  Unknown
libc-2.31.so       00007F703E35E083  __libc_start_main     Unknown  Unknown
pipe10k            00000000004071AE  Unknown               Unknown  Unknown
forrtl: error (78): process killed (SIGTERM)
Image              PC                Routine            Line        Source             
pipe10k            0000000000747BEB  Unknown               Unknown  Unknown
libpthread-2.31.s  00007FD013087420  Unknown               Unknown  Unknown
pipe10k            00000000007ED77B  Unknown               Unknown  Unknown
pipe10k            00000000004202BB  Unknown               Unknown  Unknown
pipe10k            000000000041F3E9  Unknown               Unknown  Unknown
pipe10k            0000000000420BF3  Unknown               Unknown  Unknown
pipe10k            00000000004078C0  Unknown               Unknown  Unknown
pipe10k            00000000004072A2  Unknown               Unknown  Unknown
libc-2.31.so       00007FD012EA5083  __libc_start_main     Unknown  Unknown
pipe10k            00000000004071AE  Unknown               Unknown  Unknown
forrtl: error (78): process killed (SIGTERM)
Image              PC                Routine            Line        Source             
pipe10k            0000000000747BEB  Unknown               Unknown  Unknown
libpthread-2.31.s  00007F9962FF6420  Unknown               Unknown  Unknown
pipe10k            00000000007ED7BE  Unknown               Unknown  Unknown
pipe10k            0000000000418E2D  Unknown               Unknown  Unknown
pipe10k            00000000004199A9  Unknown               Unknown  Unknown
pipe10k            000000000041F3D4  Unknown               Unknown  Unknown
pipe10k            0000000000420BF3  Unknown               Unknown  Unknown
pipe10k            00000000004078C0  Unknown               Unknown  Unknown
pipe10k            00000000004072A2  Unknown               Unknown  Unknown
libc-2.31.so       00007F9962E14083  __libc_start_main     Unknown  Unknown
pipe10k            00000000004071AE  Unknown               Unknown  Unknown
forrtl: error (78): process killed (SIGTERM)
Image              PC                Routine            Line        Source             
pipe10k            0000000000747BEB  Unknown               Unknown  Unknown
libpthread-2.31.s  00007F95D1DD1420  Unknown               Unknown  Unknown
pipe10k            00000000004190AE  Unknown               Unknown  Unknown
pipe10k            00000000004199A9  Unknown               Unknown  Unknown
pipe10k            000000000041F3D4  Unknown               Unknown  Unknown
pipe10k            0000000000420BF3  Unknown               Unknown  Unknown
pipe10k            00000000004078C0  Unknown               Unknown  Unknown
pipe10k            00000000004072A2  Unknown               Unknown  Unknown
libc-2.31.so       00007F95D1BEF083  __libc_start_main     Unknown  Unknown
pipe10k            00000000004071AE  Unknown               Unknown  Unknown
forrtl: error (78): process killed (SIGTERM)
Image              PC                Routine            Line        Source             
pipe10k            0000000000747BEB  Unknown               Unknown  Unknown
libpthread-2.31.s  00007F1D85916420  Unknown               Unknown  Unknown
pipe10k            00000000004190C1  Unknown               Unknown  Unknown
pipe10k            00000000004199A9  Unknown               Unknown  Unknown
pipe10k            000000000041F3D4  Unknown               Unknown  Unknown
pipe10k            0000000000420BF3  Unknown               Unknown  Unknown
pipe10k            00000000004078C0  Unknown               Unknown  Unknown
pipe10k            00000000004072A2  Unknown               Unknown  Unknown
libc-2.31.so       00007F1D85734083  __libc_start_main     Unknown  Unknown
pipe10k            00000000004071AE  Unknown               Unknown  Unknown
forrtl: error (78): process killed (SIGTERM)
Image              PC                Routine            Line        Source             
pipe10k            0000000000747BEB  Unknown               Unknown  Unknown
libpthread-2.31.s  00007FCD03A9A420  Unknown               Unknown  Unknown
pipe10k            0000000000418E92  Unknown               Unknown  Unknown
pipe10k            00000000004199A9  Unknown               Unknown  Unknown
pipe10k            000000000041F3D4  Unknown               Unknown  Unknown
pipe10k            0000000000420BF3  Unknown               Unknown  Unknown
pipe10k            00000000004078C0  Unknown               Unknown  Unknown
pipe10k            00000000004072A2  Unknown               Unknown  Unknown
libc-2.31.so       00007FCD038B8083  __libc_start_main     Unknown  Unknown
pipe10k            00000000004071AE  Unknown               Unknown  Unknown
forrtl: error (78): process killed (SIGTERM)
Image              PC                Routine            Line        Source             
pipe10k            0000000000747BEB  Unknown               Unknown  Unknown
libpthread-2.31.s  00007FCAF048F420  Unknown               Unknown  Unknown
pipe10k            0000000000419D47  Unknown               Unknown  Unknown
pipe10k            000000000041F3D4  Unknown               Unknown  Unknown
pipe10k            0000000000420BF3  Unknown               Unknown  Unknown
pipe10k            00000000004078C0  Unknown               Unknown  Unknown
pipe10k            00000000004072A2  Unknown               Unknown  Unknown
libc-2.31.so       00007FCAF02AD083  __libc_start_main     Unknown  Unknown
pipe10k            00000000004071AE  Unknown               Unknown  Unknown
forrtl: error (78): process killed (SIGTERM)
Image              PC                Routine            Line        Source             
pipe10k            0000000000747BEB  Unknown               Unknown  Unknown
libpthread-2.31.s  00007F8875518420  Unknown               Unknown  Unknown
pipe10k            00000000004190F3  Unknown               Unknown  Unknown
pipe10k            00000000004199A9  Unknown               Unknown  Unknown
pipe10k            000000000041F3D4  Unknown               Unknown  Unknown
pipe10k            0000000000420BF3  Unknown               Unknown  Unknown
pipe10k            00000000004078C0  Unknown               Unknown  Unknown
pipe10k            00000000004072A2  Unknown               Unknown  Unknown
libc-2.31.so       00007F8875336083  __libc_start_main     Unknown  Unknown
pipe10k            00000000004071AE  Unknown               Unknown  Unknown
forrtl: error (78): process killed (SIGTERM)
Image              PC                Routine            Line        Source             
pipe10k            0000000000747BEB  Unknown               Unknown  Unknown
libpthread-2.31.s  00007F15750B3420  Unknown               Unknown  Unknown
pipe10k            000000000041909D  Unknown               Unknown  Unknown
pipe10k            00000000004199A9  Unknown               Unknown  Unknown
pipe10k            000000000041F3D4  Unknown               Unknown  Unknown
pipe10k            0000000000420BF3  Unknown               Unknown  Unknown
pipe10k            00000000004078C0  Unknown               Unknown  Unknown
pipe10k            00000000004072A2  Unknown               Unknown  Unknown
libc-2.31.so       00007F1574ED1083  __libc_start_main     Unknown  Unknown
pipe10k            00000000004071AE  Unknown               Unknown  Unknown
forrtl: error (78): process killed (SIGTERM)
Image              PC                Routine            Line        Source             
pipe10k            0000000000747BEB  Unknown               Unknown  Unknown
libpthread-2.31.s  00007FBB96AF8420  Unknown               Unknown  Unknown
pipe10k            00000000004191D0  Unknown               Unknown  Unknown
pipe10k            00000000004199A9  Unknown               Unknown  Unknown
pipe10k            000000000041F3D4  Unknown               Unknown  Unknown
pipe10k            0000000000420BF3  Unknown               Unknown  Unknown
pipe10k            00000000004078C0  Unknown               Unknown  Unknown
pipe10k            00000000004072A2  Unknown               Unknown  Unknown
libc-2.31.so       00007FBB96916083  __libc_start_main     Unknown  Unknown
pipe10k            00000000004071AE  Unknown               Unknown  Unknown
forrtl: error (78): process killed (SIGTERM)
Image              PC                Routine            Line        Source             
pipe10k            0000000000747BEB  Unknown               Unknown  Unknown
libpthread-2.31.s  00007FE77ABE9420  Unknown               Unknown  Unknown
pipe10k            0000000000418F3A  Unknown               Unknown  Unknown
pipe10k            00000000004199A9  Unknown               Unknown  Unknown
pipe10k            000000000041F3D4  Unknown               Unknown  Unknown
pipe10k            0000000000420BF3  Unknown               Unknown  Unknown
pipe10k            00000000004078C0  Unknown               Unknown  Unknown
pipe10k            00000000004072A2  Unknown               Unknown  Unknown
libc-2.31.so       00007FE77AA07083  __libc_start_main     Unknown  Unknown
pipe10k            00000000004071AE  Unknown               Unknown  Unknown
forrtl: error (78): process killed (SIGTERM)
Image              PC                Routine            Line        Source             
pipe10k            0000000000747BEB  Unknown               Unknown  Unknown
libpthread-2.31.s  00007FAEFB29C420  Unknown               Unknown  Unknown
pipe10k            000000000041913D  Unknown               Unknown  Unknown
pipe10k            00000000004199A9  Unknown               Unknown  Unknown
pipe10k            000000000041F3D4  Unknown               Unknown  Unknown
pipe10k            0000000000420BF3  Unknown               Unknown  Unknown
pipe10k            00000000004078C0  Unknown               Unknown  Unknown
pipe10k            00000000004072A2  Unknown               Unknown  Unknown
libc-2.31.so       00007FAEFB0BA083  __libc_start_main     Unknown  Unknown
pipe10k            00000000004071AE  Unknown               Unknown  Unknown
forrtl: error (78): process killed (SIGTERM)
Image              PC                Routine            Line        Source             
pipe10k            0000000000747BEB  Unknown               Unknown  Unknown
libpthread-2.31.s  00007F449A3C3420  Unknown               Unknown  Unknown
pipe10k            00000000004191D7  Unknown               Unknown  Unknown
pipe10k            00000000004199A9  Unknown               Unknown  Unknown
pipe10k            000000000041F3D4  Unknown               Unknown  Unknown
pipe10k            0000000000420BF3  Unknown               Unknown  Unknown
pipe10k            00000000004078C0  Unknown               Unknown  Unknown
pipe10k            00000000004072A2  Unknown               Unknown  Unknown
libc-2.31.so       00007F449A1E1083  __libc_start_main     Unknown  Unknown
pipe10k            00000000004071AE  Unknown               Unknown  Unknown
forrtl: error (78): process killed (SIGTERM)
Image              PC                Routine            Line        Source             
pipe10k            0000000000747BEB  Unknown               Unknown  Unknown
libpthread-2.31.s  00007FD4DB8C5420  Unknown               Unknown  Unknown
libmkl_intel_lp64  00007FD4E5C7EF51  dgbtrs                Unknown  Unknown
pipe10k            000000000040F632  Unknown               Unknown  Unknown
pipe10k            000000000041F3BB  Unknown               Unknown  Unknown
pipe10k            0000000000420BF3  Unknown               Unknown  Unknown
pipe10k            00000000004078C0  Unknown               Unknown  Unknown
pipe10k            00000000004072A2  Unknown               Unknown  Unknown
libc-2.31.so       00007FD4DB6E3083  __libc_start_main     Unknown  Unknown
pipe10k            00000000004071AE  Unknown               Unknown  Unknown
forrtl: error (78): process killed (SIGTERM)
Image              PC                Routine            Line        Source             
pipe10k            0000000000747BEB  Unknown               Unknown  Unknown
libpthread-2.31.s  00007FCD5C9D2420  Unknown               Unknown  Unknown
libmkl_avx512.so.  00007FCB316EE095  mkl_blas_avx512_x     Unknown  Unknown
libmkl_core.so.2   00007FCD5F4BA68B  mkl_lapack_dgbts2     Unknown  Unknown
libmkl_intel_thre  00007FCD64B415D2  mkl_lapack_dgbtrs     Unknown  Unknown
libmkl_intel_lp64  00007FCD66D8BFBE  dgbtrs                Unknown  Unknown
pipe10k            000000000040F5E5  Unknown               Unknown  Unknown
pipe10k            000000000041F3BB  Unknown               Unknown  Unknown
pipe10k            0000000000420BF3  Unknown               Unknown  Unknown
pipe10k            00000000004078C0  Unknown               Unknown  Unknown
pipe10k            00000000004072A2  Unknown               Unknown  Unknown
libc-2.31.so       00007FCD5C7F0083  __libc_start_main     Unknown  Unknown
pipe10k            00000000004071AE  Unknown               Unknown  Unknown
forrtl: error (78): process killed (SIGTERM)
Image              PC                Routine            Line        Source             
pipe10k            0000000000747BEB  Unknown               Unknown  Unknown
libpthread-2.31.s  00007F0D44BE5420  Unknown               Unknown  Unknown
libmkl_avx512.so.  00007F0B1990100D  mkl_blas_avx512_x     Unknown  Unknown
libmkl_core.so.2   00007F0D476CD68B  mkl_lapack_dgbts2     Unknown  Unknown
libmkl_intel_thre  00007F0D4CD545D2  mkl_lapack_dgbtrs     Unknown  Unknown
libmkl_intel_lp64  00007F0D4EF9EFBE  dgbtrs                Unknown  Unknown
pipe10k            000000000040F632  Unknown               Unknown  Unknown
pipe10k            000000000041F3BB  Unknown               Unknown  Unknown
pipe10k            0000000000420BF3  Unknown               Unknown  Unknown
pipe10k            00000000004078C0  Unknown               Unknown  Unknown
pipe10k            00000000004072A2  Unknown               Unknown  Unknown
libc-2.31.so       00007F0D44A03083  __libc_start_main     Unknown  Unknown
pipe10k            00000000004071AE  Unknown               Unknown  Unknown
forrtl: error (78): process killed (SIGTERM)
Image              PC                Routine            Line        Source             
pipe10k            0000000000747BEB  Unknown               Unknown  Unknown
libpthread-2.31.s  00007F1554393420  Unknown               Unknown  Unknown
libmkl_avx512.so.  00007F13290AF0A6  mkl_blas_avx512_x     Unknown  Unknown
libmkl_core.so.2   00007F1556E7B68B  mkl_lapack_dgbts2     Unknown  Unknown
libmkl_intel_thre  00007F155C5025D2  mkl_lapack_dgbtrs     Unknown  Unknown
libmkl_intel_lp64  00007F155E74CFBE  dgbtrs                Unknown  Unknown
pipe10k            000000000040F632  Unknown               Unknown  Unknown
pipe10k            000000000041F3BB  Unknown               Unknown  Unknown
pipe10k            0000000000420BF3  Unknown               Unknown  Unknown
pipe10k            00000000004078C0  Unknown               Unknown  Unknown
pipe10k            00000000004072A2  Unknown               Unknown  Unknown
libc-2.31.so       00007F15541B1083  __libc_start_main     Unknown  Unknown
pipe10k            00000000004071AE  Unknown               Unknown  Unknown
forrtl: error (78): process killed (SIGTERM)
Image              PC                Routine            Line        Source             
pipe10k            0000000000747BEB  Unknown               Unknown  Unknown
libpthread-2.31.s  00007FE90CC4D420  Unknown               Unknown  Unknown
libmkl_avx512.so.  00007FE6E1969095  mkl_blas_avx512_x     Unknown  Unknown
libmkl_core.so.2   00007FE90F73568B  mkl_lapack_dgbts2     Unknown  Unknown
libmkl_intel_thre  00007FE914DBC5D2  mkl_lapack_dgbtrs     Unknown  Unknown
libmkl_intel_lp64  00007FE917006FBE  dgbtrs                Unknown  Unknown
pipe10k            000000000040F5E5  Unknown               Unknown  Unknown
pipe10k            000000000041F3BB  Unknown               Unknown  Unknown
pipe10k            0000000000420BF3  Unknown               Unknown  Unknown
pipe10k            00000000004078C0  Unknown               Unknown  Unknown
pipe10k            00000000004072A2  Unknown               Unknown  Unknown
libc-2.31.so       00007FE90CA6B083  __libc_start_main     Unknown  Unknown
pipe10k            00000000004071AE  Unknown               Unknown  Unknown
forrtl: error (78): process killed (SIGTERM)
Image              PC                Routine            Line        Source             
pipe10k            0000000000747BEB  Unknown               Unknown  Unknown
libpthread-2.31.s  00007FA312695420  Unknown               Unknown  Unknown
libmkl_avx512.so.  00007FA0E73B0230  mkl_blas_avx512_x     Unknown  Unknown
libmkl_core.so.2   00007FA31517D68B  mkl_lapack_dgbts2     Unknown  Unknown
libmkl_intel_thre  00007FA31A8045D2  mkl_lapack_dgbtrs     Unknown  Unknown
libmkl_intel_lp64  00007FA31CA4EFBE  dgbtrs                Unknown  Unknown
pipe10k            000000000040F5E5  Unknown               Unknown  Unknown
pipe10k            000000000041F3BB  Unknown               Unknown  Unknown
pipe10k            0000000000420BF3  Unknown               Unknown  Unknown
pipe10k            00000000004078C0  Unknown               Unknown  Unknown
pipe10k            00000000004072A2  Unknown               Unknown  Unknown
libc-2.31.so       00007FA3124B3083  __libc_start_main     Unknown  Unknown
pipe10k            00000000004071AE  Unknown               Unknown  Unknown
forrtl: error (78): process killed (SIGTERM)
Image              PC                Routine            Line        Source             
pipe10k            0000000000747BEB  Unknown               Unknown  Unknown
libpthread-2.31.s  00007F8FE156D420  Unknown               Unknown  Unknown
libmkl_avx512.so.  00007F8DB6232BEF  mkl_blas_avx512_d     Unknown  Unknown
libmkl_core.so.2   00007F8FE4055722  mkl_lapack_dgbts2     Unknown  Unknown
libmkl_intel_thre  00007F8FE96DC5D2  mkl_lapack_dgbtrs     Unknown  Unknown
libmkl_intel_lp64  00007F8FEB926FBE  dgbtrs                Unknown  Unknown
pipe10k            000000000040F632  Unknown               Unknown  Unknown
pipe10k            000000000041F3BB  Unknown               Unknown  Unknown
pipe10k            0000000000420BF3  Unknown               Unknown  Unknown
pipe10k            00000000004078C0  Unknown               Unknown  Unknown
pipe10k            00000000004072A2  Unknown               Unknown  Unknown
libc-2.31.so       00007F8FE138B083  __libc_start_main     Unknown  Unknown
pipe10k            00000000004071AE  Unknown               Unknown  Unknown
forrtl: error (78): process killed (SIGTERM)
Image              PC                Routine            Line        Source             
pipe10k            0000000000747BEB  Unknown               Unknown  Unknown
libpthread-2.31.s  00007F9ADA08C420  Unknown               Unknown  Unknown
libmkl_avx512.so.  00007F98AED51A2B  mkl_blas_avx512_d     Unknown  Unknown
libmkl_core.so.2   00007F9ADCB74722  mkl_lapack_dgbts2     Unknown  Unknown
libmkl_intel_thre  00007F9AE21FB5D2  mkl_lapack_dgbtrs     Unknown  Unknown
libmkl_intel_lp64  00007F9AE4445FBE  dgbtrs                Unknown  Unknown
pipe10k            000000000040F5E5  Unknown               Unknown  Unknown
pipe10k            000000000041F3BB  Unknown               Unknown  Unknown
pipe10k            0000000000420BF3  Unknown               Unknown  Unknown
pipe10k            00000000004078C0  Unknown               Unknown  Unknown
pipe10k            00000000004072A2  Unknown               Unknown  Unknown
libc-2.31.so       00007F9AD9EAA083  __libc_start_main     Unknown  Unknown
pipe10k            00000000004071AE  Unknown               Unknown  Unknown
forrtl: error (78): process killed (SIGTERM)
Image              PC                Routine            Line        Source             
pipe10k            0000000000747BEB  Unknown               Unknown  Unknown
libpthread-2.31.s  00007F70FBA06420  Unknown               Unknown  Unknown
libmkl_avx512.so.  00007F6ED072209F  mkl_blas_avx512_x     Unknown  Unknown
libmkl_core.so.2   00007F70FE4EE68B  mkl_lapack_dgbts2     Unknown  Unknown
libmkl_intel_thre  00007F7103B755D2  mkl_lapack_dgbtrs     Unknown  Unknown
libmkl_intel_lp64  00007F7105DBFFBE  dgbtrs                Unknown  Unknown
pipe10k            000000000040F632  Unknown               Unknown  Unknown
pipe10k            000000000041F3BB  Unknown               Unknown  Unknown
pipe10k            0000000000420BF3  Unknown               Unknown  Unknown
pipe10k            00000000004078C0  Unknown               Unknown  Unknown
pipe10k            00000000004072A2  Unknown               Unknown  Unknown
libc-2.31.so       00007F70FB824083  __libc_start_main     Unknown  Unknown
pipe10k            00000000004071AE  Unknown               Unknown  Unknown
forrtl: error (78): process killed (SIGTERM)
Image              PC                Routine            Line        Source             
pipe10k            0000000000747BEB  Unknown               Unknown  Unknown
libpthread-2.31.s  00007FB5A21F0420  Unknown               Unknown  Unknown
libmkl_avx512.so.  00007FB376F0B24F  mkl_blas_avx512_x     Unknown  Unknown
libmkl_core.so.2   00007FB5A4CD868B  mkl_lapack_dgbts2     Unknown  Unknown
libmkl_intel_thre  00007FB5AA35F5D2  mkl_lapack_dgbtrs     Unknown  Unknown
libmkl_intel_lp64  00007FB5AC5A9FBE  dgbtrs                Unknown  Unknown
pipe10k            000000000040F632  Unknown               Unknown  Unknown
pipe10k            000000000041F3BB  Unknown               Unknown  Unknown
pipe10k            0000000000420BF3  Unknown               Unknown  Unknown
pipe10k            00000000004078C0  Unknown               Unknown  Unknown
pipe10k            00000000004072A2  Unknown               Unknown  Unknown
libc-2.31.so       00007FB5A200E083  __libc_start_main     Unknown  Unknown
pipe10k            00000000004071AE  Unknown               Unknown  Unknown
forrtl: error (78): process killed (SIGTERM)
Image              PC                Routine            Line        Source             
pipe10k            0000000000747BEB  Unknown               Unknown  Unknown
libpthread-2.31.s  00007FA1F9C73420  Unknown               Unknown  Unknown
libmkl_avx512.so.  00007F9FCE938C22  mkl_blas_avx512_d     Unknown  Unknown
libmkl_core.so.2   00007FA1FC75B722  mkl_lapack_dgbts2     Unknown  Unknown
libmkl_intel_thre  00007FA201DE25D2  mkl_lapack_dgbtrs     Unknown  Unknown
libmkl_intel_lp64  00007FA20402CFBE  dgbtrs                Unknown  Unknown
pipe10k            000000000040F5E5  Unknown               Unknown  Unknown
pipe10k            000000000041F3BB  Unknown               Unknown  Unknown
pipe10k            0000000000420BF3  Unknown               Unknown  Unknown
pipe10k            00000000004078C0  Unknown               Unknown  Unknown
pipe10k            00000000004072A2  Unknown               Unknown  Unknown
libc-2.31.so       00007FA1F9A91083  __libc_start_main     Unknown  Unknown
pipe10k            00000000004071AE  Unknown               Unknown  Unknown
forrtl: error (78): process killed (SIGTERM)
Image              PC                Routine            Line        Source             
pipe10k            0000000000747BEB  Unknown               Unknown  Unknown
libpthread-2.31.s  00007F1B34DFB420  Unknown               Unknown  Unknown
libmkl_avx512.so.  00007F1909AC0AA7  mkl_blas_avx512_d     Unknown  Unknown
libmkl_core.so.2   00007F1B378E3722  mkl_lapack_dgbts2     Unknown  Unknown
libmkl_intel_thre  00007F1B3CF6A5D2  mkl_lapack_dgbtrs     Unknown  Unknown
libmkl_intel_lp64  00007F1B3F1B4FBE  dgbtrs                Unknown  Unknown
pipe10k            000000000040F5E5  Unknown               Unknown  Unknown
pipe10k            000000000041F3BB  Unknown               Unknown  Unknown
pipe10k            0000000000420BF3  Unknown               Unknown  Unknown
pipe10k            00000000004078C0  Unknown               Unknown  Unknown
pipe10k            00000000004072A2  Unknown               Unknown  Unknown
libc-2.31.so       00007F1B34C19083  __libc_start_main     Unknown  Unknown
pipe10k            00000000004071AE  Unknown               Unknown  Unknown
forrtl: error (78): process killed (SIGTERM)
Image              PC                Routine            Line        Source             
pipe10k            0000000000747BEB  Unknown               Unknown  Unknown
libpthread-2.31.s  00007F02CA1E3420  Unknown               Unknown  Unknown
libmkl_avx512.so.  00007F009EEFE2A9  mkl_blas_avx512_x     Unknown  Unknown
libmkl_core.so.2   00007F02CCCCB68B  mkl_lapack_dgbts2     Unknown  Unknown
libmkl_intel_thre  00007F02D23525D2  mkl_lapack_dgbtrs     Unknown  Unknown
libmkl_intel_lp64  00007F02D459CFBE  dgbtrs                Unknown  Unknown
pipe10k            000000000040F632  Unknown               Unknown  Unknown
pipe10k            000000000041F3BB  Unknown               Unknown  Unknown
pipe10k            0000000000420BF3  Unknown               Unknown  Unknown
pipe10k            00000000004078C0  Unknown               Unknown  Unknown
pipe10k            00000000004072A2  Unknown               Unknown  Unknown
libc-2.31.so       00007F02CA001083  __libc_start_main     Unknown  Unknown
pipe10k            00000000004071AE  Unknown               Unknown  Unknown
forrtl: error (78): process killed (SIGTERM)
Image              PC                Routine            Line        Source             
pipe10k            0000000000747BEB  Unknown               Unknown  Unknown
libpthread-2.31.s  00007F50F50FA420  Unknown               Unknown  Unknown
libmkl_avx512.so.  00007F4EC9E152A9  mkl_blas_avx512_x     Unknown  Unknown
libmkl_core.so.2   00007F50F7BE268B  mkl_lapack_dgbts2     Unknown  Unknown
libmkl_intel_thre  00007F50FD2695D2  mkl_lapack_dgbtrs     Unknown  Unknown
libmkl_intel_lp64  00007F50FF4B3FBE  dgbtrs                Unknown  Unknown
pipe10k            000000000040F632  Unknown               Unknown  Unknown
pipe10k            000000000041F3BB  Unknown               Unknown  Unknown
pipe10k            0000000000420BF3  Unknown               Unknown  Unknown
pipe10k            00000000004078C0  Unknown               Unknown  Unknown
pipe10k            00000000004072A2  Unknown               Unknown  Unknown
libc-2.31.so       00007F50F4F18083  __libc_start_main     Unknown  Unknown
pipe10k            00000000004071AE  Unknown               Unknown  Unknown
forrtl: error (78): process killed (SIGTERM)
Image              PC                Routine            Line        Source             
pipe10k            0000000000747BEB  Unknown               Unknown  Unknown
libpthread-2.31.s  00007F58EFCAE420  Unknown               Unknown  Unknown
libmkl_avx512.so.  00007F56C49C9D73  mkl_blas_avx512_x     Unknown  Unknown
libmkl_core.so.2   00007F58F279668B  mkl_lapack_dgbts2     Unknown  Unknown
libmkl_intel_thre  00007F58F7E1D5D2  mkl_lapack_dgbtrs     Unknown  Unknown
libmkl_intel_lp64  00007F58FA067FBE  dgbtrs                Unknown  Unknown
pipe10k            000000000040F5E5  Unknown               Unknown  Unknown
pipe10k            000000000041F3BB  Unknown               Unknown  Unknown
pipe10k            0000000000420BF3  Unknown               Unknown  Unknown
pipe10k            00000000004078C0  Unknown               Unknown  Unknown
pipe10k            00000000004072A2  Unknown               Unknown  Unknown
libc-2.31.so       00007F58EFACC083  __libc_start_main     Unknown  Unknown
pipe10k            00000000004071AE  Unknown               Unknown  Unknown
forrtl: error (78): process killed (SIGTERM)
Image              PC                Routine            Line        Source             
pipe10k            0000000000747BEB  Unknown               Unknown  Unknown
libpthread-2.31.s  00007FC72B431420  Unknown               Unknown  Unknown
libmkl_avx512.so.  00007FC50014C27C  mkl_blas_avx512_x     Unknown  Unknown
libmkl_core.so.2   00007FC72DF1968B  mkl_lapack_dgbts2     Unknown  Unknown
libmkl_intel_thre  00007FC7335A05D2  mkl_lapack_dgbtrs     Unknown  Unknown
libmkl_intel_lp64  00007FC7357EAFBE  dgbtrs                Unknown  Unknown
pipe10k            000000000040F632  Unknown               Unknown  Unknown
pipe10k            000000000041F3BB  Unknown               Unknown  Unknown
pipe10k            0000000000420BF3  Unknown               Unknown  Unknown
pipe10k            00000000004078C0  Unknown               Unknown  Unknown
pipe10k            00000000004072A2  Unknown               Unknown  Unknown
libc-2.31.so       00007FC72B24F083  __libc_start_main     Unknown  Unknown
pipe10k            00000000004071AE  Unknown               Unknown  Unknown
forrtl: error (78): process killed (SIGTERM)
Image              PC                Routine            Line        Source             
pipe10k            0000000000747BEB  Unknown               Unknown  Unknown
libpthread-2.31.s  00007FB0B7B24420  Unknown               Unknown  Unknown
libmkl_avx512.so.  00007FAE8C840095  mkl_blas_avx512_x     Unknown  Unknown
libmkl_core.so.2   00007FB0BA60C68B  mkl_lapack_dgbts2     Unknown  Unknown
libmkl_intel_thre  00007FB0BFC935D2  mkl_lapack_dgbtrs     Unknown  Unknown
libmkl_intel_lp64  00007FB0C1EDDFBE  dgbtrs                Unknown  Unknown
pipe10k            000000000040F5E5  Unknown               Unknown  Unknown
pipe10k            000000000041F3BB  Unknown               Unknown  Unknown
pipe10k            0000000000420BF3  Unknown               Unknown  Unknown
pipe10k            00000000004078C0  Unknown               Unknown  Unknown
pipe10k            00000000004072A2  Unknown               Unknown  Unknown
libc-2.31.so       00007FB0B7942083  __libc_start_main     Unknown  Unknown
pipe10k            00000000004071AE  Unknown               Unknown  Unknown
forrtl: error (78): process killed (SIGTERM)
Image              PC                Routine            Line        Source             
pipe10k            0000000000747BEB  Unknown               Unknown  Unknown
libpthread-2.31.s  00007F412A8CE420  Unknown               Unknown  Unknown
libmkl_avx512.so.  00007F3EFF5EA095  mkl_blas_avx512_x     Unknown  Unknown
libmkl_core.so.2   00007F412D3B668B  mkl_lapack_dgbts2     Unknown  Unknown
libmkl_intel_thre  00007F4132A3D5D2  mkl_lapack_dgbtrs     Unknown  Unknown
libmkl_intel_lp64  00007F4134C87FBE  dgbtrs                Unknown  Unknown
pipe10k            000000000040F5E5  Unknown               Unknown  Unknown
pipe10k            000000000041F3BB  Unknown               Unknown  Unknown
pipe10k            0000000000420BF3  Unknown               Unknown  Unknown
pipe10k            00000000004078C0  Unknown               Unknown  Unknown
pipe10k            00000000004072A2  Unknown               Unknown  Unknown
libc-2.31.so       00007F412A6EC083  __libc_start_main     Unknown  Unknown
pipe10k            00000000004071AE  Unknown               Unknown  Unknown
forrtl: error (78): process killed (SIGTERM)
Image              PC                Routine            Line        Source             
pipe10k            0000000000747BEB  Unknown               Unknown  Unknown
libpthread-2.31.s  00007F8E67A9B420  Unknown               Unknown  Unknown
libmkl_avx512.so.  00007F8C3C760A25  mkl_blas_avx512_d     Unknown  Unknown
libmkl_core.so.2   00007F8E6A583722  mkl_lapack_dgbts2     Unknown  Unknown
libmkl_intel_thre  00007F8E6FC0A5D2  mkl_lapack_dgbtrs     Unknown  Unknown
libmkl_intel_lp64  00007F8E71E54FBE  dgbtrs                Unknown  Unknown
pipe10k            000000000040F5E5  Unknown               Unknown  Unknown
pipe10k            000000000041F3BB  Unknown               Unknown  Unknown
pipe10k            0000000000420BF3  Unknown               Unknown  Unknown
pipe10k            00000000004078C0  Unknown               Unknown  Unknown
pipe10k            00000000004072A2  Unknown               Unknown  Unknown
libc-2.31.so       00007F8E678B9083  __libc_start_main     Unknown  Unknown
pipe10k            00000000004071AE  Unknown               Unknown  Unknown
forrtl: error (78): process killed (SIGTERM)
Image              PC                Routine            Line        Source             
pipe10k            0000000000747BEB  Unknown               Unknown  Unknown
libpthread-2.31.s  00007FA7862CB420  Unknown               Unknown  Unknown
libmkl_avx512.so.  00007FA55AF90A25  mkl_blas_avx512_d     Unknown  Unknown
libmkl_core.so.2   00007FA788DB3722  mkl_lapack_dgbts2     Unknown  Unknown
libmkl_intel_thre  00007FA78E43A5D2  mkl_lapack_dgbtrs     Unknown  Unknown
libmkl_intel_lp64  00007FA790684FBE  dgbtrs                Unknown  Unknown
pipe10k            000000000040F632  Unknown               Unknown  Unknown
pipe10k            000000000041F3BB  Unknown               Unknown  Unknown
pipe10k            0000000000420BF3  Unknown               Unknown  Unknown
pipe10k            00000000004078C0  Unknown               Unknown  Unknown
pipe10k            00000000004072A2  Unknown               Unknown  Unknown
libc-2.31.so       00007FA7860E9083  __libc_start_main     Unknown  Unknown
pipe10k            00000000004071AE  Unknown               Unknown  Unknown
forrtl: error (78): process killed (SIGTERM)
Image              PC                Routine            Line        Source             
pipe10k            0000000000747BEB  Unknown               Unknown  Unknown
libpthread-2.31.s  00007FBD9866A420  Unknown               Unknown  Unknown
libmkl_avx512.so.  00007FBB6D32FA2B  mkl_blas_avx512_d     Unknown  Unknown
libmkl_core.so.2   00007FBD9B152722  mkl_lapack_dgbts2     Unknown  Unknown
libmkl_intel_thre  00007FBDA07D95D2  mkl_lapack_dgbtrs     Unknown  Unknown
libmkl_intel_lp64  00007FBDA2A23FBE  dgbtrs                Unknown  Unknown
pipe10k            000000000040F632  Unknown               Unknown  Unknown
pipe10k            000000000041F3BB  Unknown               Unknown  Unknown
pipe10k            0000000000420BF3  Unknown               Unknown  Unknown
pipe10k            00000000004078C0  Unknown               Unknown  Unknown
pipe10k            00000000004072A2  Unknown               Unknown  Unknown
libc-2.31.so       00007FBD98488083  __libc_start_main     Unknown  Unknown
pipe10k            00000000004071AE  Unknown               Unknown  Unknown
forrtl: error (78): process killed (SIGTERM)
Image              PC                Routine            Line        Source             
pipe10k            0000000000747BEB  Unknown               Unknown  Unknown
libpthread-2.31.s  00007F3CFF42C420  Unknown               Unknown  Unknown
libmkl_avx512.so.  00007F3AD414809F  mkl_blas_avx512_x     Unknown  Unknown
libmkl_core.so.2   00007F3D01F1468B  mkl_lapack_dgbts2     Unknown  Unknown
libmkl_intel_thre  00007F3D0759B5D2  mkl_lapack_dgbtrs     Unknown  Unknown
libmkl_intel_lp64  00007F3D097E5FBE  dgbtrs                Unknown  Unknown
pipe10k            000000000040F632  Unknown               Unknown  Unknown
pipe10k            000000000041F3BB  Unknown               Unknown  Unknown
pipe10k            0000000000420BF3  Unknown               Unknown  Unknown
pipe10k            00000000004078C0  Unknown               Unknown  Unknown
pipe10k            00000000004072A2  Unknown               Unknown  Unknown
libc-2.31.so       00007F3CFF24A083  __libc_start_main     Unknown  Unknown
pipe10k            00000000004071AE  Unknown               Unknown  Unknown
forrtl: error (78): process killed (SIGTERM)
Image              PC                Routine            Line        Source             
pipe10k            0000000000747BEB  Unknown               Unknown  Unknown
libpthread-2.31.s  00007FD258B7E420  Unknown               Unknown  Unknown
libmkl_avx512.so.  00007FD02D89A00D  mkl_blas_avx512_x     Unknown  Unknown
libmkl_core.so.2   00007FD25B66668B  mkl_lapack_dgbts2     Unknown  Unknown
libmkl_intel_thre  00007FD260CED5D2  mkl_lapack_dgbtrs     Unknown  Unknown
libmkl_intel_lp64  00007FD262F37FBE  dgbtrs                Unknown  Unknown
pipe10k            000000000040F5E5  Unknown               Unknown  Unknown
pipe10k            000000000041F3BB  Unknown               Unknown  Unknown
pipe10k            0000000000420BF3  Unknown               Unknown  Unknown
pipe10k            00000000004078C0  Unknown               Unknown  Unknown
pipe10k            00000000004072A2  Unknown               Unknown  Unknown
libc-2.31.so       00007FD25899C083  __libc_start_main     Unknown  Unknown
pipe10k            00000000004071AE  Unknown               Unknown  Unknown
forrtl: error (78): process killed (SIGTERM)
Image              PC                Routine            Line        Source             
pipe10k            0000000000747BEB  Unknown               Unknown  Unknown
libpthread-2.31.s  00007F78964B6420  Unknown               Unknown  Unknown
libmkl_avx512.so.  00007F766B17BC10  mkl_blas_avx512_d     Unknown  Unknown
libmkl_core.so.2   00007F7898F9E722  mkl_lapack_dgbts2     Unknown  Unknown
libmkl_intel_thre  00007F789E6255D2  mkl_lapack_dgbtrs     Unknown  Unknown
libmkl_intel_lp64  00007F78A086FFBE  dgbtrs                Unknown  Unknown
pipe10k            000000000040F5E5  Unknown               Unknown  Unknown
pipe10k            000000000041F3BB  Unknown               Unknown  Unknown
pipe10k            0000000000420BF3  Unknown               Unknown  Unknown
pipe10k            00000000004078C0  Unknown               Unknown  Unknown
pipe10k            00000000004072A2  Unknown               Unknown  Unknown
libc-2.31.so       00007F78962D4083  __libc_start_main     Unknown  Unknown
pipe10k            00000000004071AE  Unknown               Unknown  Unknown
forrtl: error (78): process killed (SIGTERM)
Image              PC                Routine            Line        Source             
pipe10k            0000000000747BEB  Unknown               Unknown  Unknown
libpthread-2.31.s  00007F6864CE5420  Unknown               Unknown  Unknown
libmkl_avx512.so.  00007F66399AAA25  mkl_blas_avx512_d     Unknown  Unknown
libmkl_core.so.2   00007F68677CD722  mkl_lapack_dgbts2     Unknown  Unknown
libmkl_intel_thre  00007F686CE545D2  mkl_lapack_dgbtrs     Unknown  Unknown
libmkl_intel_lp64  00007F686F09EFBE  dgbtrs                Unknown  Unknown
pipe10k            000000000040F5E5  Unknown               Unknown  Unknown
pipe10k            000000000041F3BB  Unknown               Unknown  Unknown
pipe10k            0000000000420BF3  Unknown               Unknown  Unknown
pipe10k            00000000004078C0  Unknown               Unknown  Unknown
pipe10k            00000000004072A2  Unknown               Unknown  Unknown
libc-2.31.so       00007F6864B03083  __libc_start_main     Unknown  Unknown
pipe10k            00000000004071AE  Unknown               Unknown  Unknown
forrtl: error (78): process killed (SIGTERM)
Image              PC                Routine            Line        Source             
pipe10k            0000000000747BEB  Unknown               Unknown  Unknown
libpthread-2.31.s  00007F153556A420  Unknown               Unknown  Unknown
libmkl_avx512.so.  00007F130A285D73  mkl_blas_avx512_x     Unknown  Unknown
libmkl_core.so.2   00007F153805268B  mkl_lapack_dgbts2     Unknown  Unknown
libmkl_intel_thre  00007F153D6D95D2  mkl_lapack_dgbtrs     Unknown  Unknown
libmkl_intel_lp64  00007F153F923FBE  dgbtrs                Unknown  Unknown
pipe10k            000000000040F632  Unknown               Unknown  Unknown
pipe10k            000000000041F3BB  Unknown               Unknown  Unknown
pipe10k            0000000000420BF3  Unknown               Unknown  Unknown
pipe10k            00000000004078C0  Unknown               Unknown  Unknown
pipe10k            00000000004072A2  Unknown               Unknown  Unknown
libc-2.31.so       00007F1535388083  __libc_start_main     Unknown  Unknown
pipe10k            00000000004071AE  Unknown               Unknown  Unknown
forrtl: error (78): process killed (SIGTERM)
Image              PC                Routine            Line        Source             
pipe10k            0000000000747BEB  Unknown               Unknown  Unknown
libpthread-2.31.s  00007FF58A397420  Unknown               Unknown  Unknown
libmkl_intel_thre  00007FF590DD77BE  mkl_blas_dger         Unknown  Unknown
libmkl_core.so.2   00007FF58CE7F68B  mkl_lapack_dgbts2     Unknown  Unknown
libmkl_intel_thre  00007FF5925065D2  mkl_lapack_dgbtrs     Unknown  Unknown
libmkl_intel_lp64  00007FF594750FBE  dgbtrs                Unknown  Unknown
pipe10k            000000000040F632  Unknown               Unknown  Unknown
pipe10k            000000000041F3BB  Unknown               Unknown  Unknown
pipe10k            0000000000420BF3  Unknown               Unknown  Unknown
pipe10k            00000000004078C0  Unknown               Unknown  Unknown
pipe10k            00000000004072A2  Unknown               Unknown  Unknown
libc-2.31.so       00007FF58A1B5083  __libc_start_main     Unknown  Unknown
pipe10k            00000000004071AE  Unknown               Unknown  Unknown
forrtl: error (78): process killed (SIGTERM)
Image              PC                Routine            Line        Source             
pipe10k            0000000000747BEB  Unknown               Unknown  Unknown
libpthread-2.31.s  00007F0DE7D74420  Unknown               Unknown  Unknown
libmkl_intel_thre  00007F0DEE7B4933  mkl_blas_dger         Unknown  Unknown
libmkl_core.so.2   00007F0DEA85C68B  mkl_lapack_dgbts2     Unknown  Unknown
libmkl_intel_thre  00007F0DEFEE35D2  mkl_lapack_dgbtrs     Unknown  Unknown
libmkl_intel_lp64  00007F0DF212DFBE  dgbtrs                Unknown  Unknown
pipe10k            000000000040F5E5  Unknown               Unknown  Unknown
pipe10k            000000000041F3BB  Unknown               Unknown  Unknown
pipe10k            0000000000420BF3  Unknown               Unknown  Unknown
pipe10k            00000000004078C0  Unknown               Unknown  Unknown
pipe10k            00000000004072A2  Unknown               Unknown  Unknown
libc-2.31.so       00007F0DE7B92083  __libc_start_main     Unknown  Unknown
pipe10k            00000000004071AE  Unknown               Unknown  Unknown
forrtl: error (78): process killed (SIGTERM)
Image              PC                Routine            Line        Source             
pipe10k            0000000000747BEB  Unknown               Unknown  Unknown
libpthread-2.31.s  00007FC0AFCC7420  Unknown               Unknown  Unknown
libmkl_avx512.so.  00007FBE849E22A9  mkl_blas_avx512_x     Unknown  Unknown
libmkl_core.so.2   00007FC0B27AF68B  mkl_lapack_dgbts2     Unknown  Unknown
libmkl_intel_thre  00007FC0B7E365D2  mkl_lapack_dgbtrs     Unknown  Unknown
libmkl_intel_lp64  00007FC0BA080FBE  dgbtrs                Unknown  Unknown
pipe10k            000000000040F5E5  Unknown               Unknown  Unknown
pipe10k            000000000041F3BB  Unknown               Unknown  Unknown
pipe10k            0000000000420BF3  Unknown               Unknown  Unknown
pipe10k            00000000004078C0  Unknown               Unknown  Unknown
pipe10k            00000000004072A2  Unknown               Unknown  Unknown
libc-2.31.so       00007FC0AFAE5083  __libc_start_main     Unknown  Unknown
pipe10k            00000000004071AE  Unknown               Unknown  Unknown
forrtl: error (78): process killed (SIGTERM)
Image              PC                Routine            Line        Source             
pipe10k            0000000000747BEB  Unknown               Unknown  Unknown
libpthread-2.31.s  00007FCF4E1BD420  Unknown               Unknown  Unknown
libmkl_avx512.so.  00007FCD22E82BD7  mkl_blas_avx512_d     Unknown  Unknown
libmkl_core.so.2   00007FCF50CA5722  mkl_lapack_dgbts2     Unknown  Unknown
libmkl_intel_thre  00007FCF5632C5D2  mkl_lapack_dgbtrs     Unknown  Unknown
libmkl_intel_lp64  00007FCF58576FBE  dgbtrs                Unknown  Unknown
pipe10k            000000000040F632  Unknown               Unknown  Unknown
pipe10k            000000000041F3BB  Unknown               Unknown  Unknown
pipe10k            0000000000420BF3  Unknown               Unknown  Unknown
pipe10k            00000000004078C0  Unknown               Unknown  Unknown
pipe10k            00000000004072A2  Unknown               Unknown  Unknown
libc-2.31.so       00007FCF4DFDB083  __libc_start_main     Unknown  Unknown
pipe10k            00000000004071AE  Unknown               Unknown  Unknown
forrtl: error (78): process killed (SIGTERM)
Image              PC                Routine            Line        Source             
pipe10k            0000000000747BEB  Unknown               Unknown  Unknown
libpthread-2.31.s  00007F8C90FD1420  Unknown               Unknown  Unknown
libmkl_avx512.so.  00007F8A65CED0BD  mkl_blas_avx512_x     Unknown  Unknown
libmkl_core.so.2   00007F8C93AB968B  mkl_lapack_dgbts2     Unknown  Unknown
libmkl_intel_thre  00007F8C991405D2  mkl_lapack_dgbtrs     Unknown  Unknown
libmkl_intel_lp64  00007F8C9B38AFBE  dgbtrs                Unknown  Unknown
pipe10k            000000000040F632  Unknown               Unknown  Unknown
pipe10k            000000000041F3BB  Unknown               Unknown  Unknown
pipe10k            0000000000420BF3  Unknown               Unknown  Unknown
pipe10k            00000000004078C0  Unknown               Unknown  Unknown
pipe10k            00000000004072A2  Unknown               Unknown  Unknown
libc-2.31.so       00007F8C90DEF083  __libc_start_main     Unknown  Unknown
pipe10k            00000000004071AE  Unknown               Unknown  Unknown
forrtl: error (78): process killed (SIGTERM)
Image              PC                Routine            Line        Source             
pipe10k            0000000000747BEB  Unknown               Unknown  Unknown
libpthread-2.31.s  00007F3072EF6420  Unknown               Unknown  Unknown
libmkl_core.so.2   00007F30759DE68F  mkl_lapack_dgbts2     Unknown  Unknown
libmkl_intel_thre  00007F307B0655D2  mkl_lapack_dgbtrs     Unknown  Unknown
libmkl_intel_lp64  00007F307D2AFFBE  dgbtrs                Unknown  Unknown
pipe10k            000000000040F5E5  Unknown               Unknown  Unknown
pipe10k            000000000041F3BB  Unknown               Unknown  Unknown
pipe10k            0000000000420BF3  Unknown               Unknown  Unknown
pipe10k            00000000004078C0  Unknown               Unknown  Unknown
pipe10k            00000000004072A2  Unknown               Unknown  Unknown
libc-2.31.so       00007F3072D14083  __libc_start_main     Unknown  Unknown
pipe10k            00000000004071AE  Unknown               Unknown  Unknown
forrtl: error (78): process killed (SIGTERM)
Image              PC                Routine            Line        Source             
pipe10k            0000000000747BEB  Unknown               Unknown  Unknown
libpthread-2.31.s  00007FB007B21420  Unknown               Unknown  Unknown
libmkl_intel_thre  00007FB00E561924  mkl_blas_dger         Unknown  Unknown
libmkl_core.so.2   00007FB00A60968B  mkl_lapack_dgbts2     Unknown  Unknown
libmkl_intel_thre  00007FB00FC905D2  mkl_lapack_dgbtrs     Unknown  Unknown
libmkl_intel_lp64  00007FB011EDAFBE  dgbtrs                Unknown  Unknown
pipe10k            000000000040F632  Unknown               Unknown  Unknown
pipe10k            000000000041F3BB  Unknown               Unknown  Unknown
pipe10k            0000000000420BF3  Unknown               Unknown  Unknown
pipe10k            00000000004078C0  Unknown               Unknown  Unknown
pipe10k            00000000004072A2  Unknown               Unknown  Unknown
libc-2.31.so       00007FB00793F083  __libc_start_main     Unknown  Unknown
pipe10k            00000000004071AE  Unknown               Unknown  Unknown
forrtl: error (78): process killed (SIGTERM)
Image              PC                Routine            Line        Source             
pipe10k            0000000000747BEB  Unknown               Unknown  Unknown
libpthread-2.31.s  00007F1C7B9AC420  Unknown               Unknown  Unknown
libmkl_core.so.2   00007F1C7DE3FEB0  mkl_blas_xdger        Unknown  Unknown
libmkl_core.so.2   00007F1C7E49468B  mkl_lapack_dgbts2     Unknown  Unknown
libmkl_intel_thre  00007F1C83B1B5D2  mkl_lapack_dgbtrs     Unknown  Unknown
libmkl_intel_lp64  00007F1C85D65FBE  dgbtrs                Unknown  Unknown
pipe10k            000000000040F5E5  Unknown               Unknown  Unknown
pipe10k            000000000041F3BB  Unknown               Unknown  Unknown
pipe10k            0000000000420BF3  Unknown               Unknown  Unknown
pipe10k            00000000004078C0  Unknown               Unknown  Unknown
pipe10k            00000000004072A2  Unknown               Unknown  Unknown
libc-2.31.so       00007F1C7B7CA083  __libc_start_main     Unknown  Unknown
pipe10k            00000000004071AE  Unknown               Unknown  Unknown
forrtl: error (78): process killed (SIGTERM)
Image              PC                Routine            Line        Source             
pipe10k            0000000000747BEB  Unknown               Unknown  Unknown
libpthread-2.31.s  00007F0AC4E1C420  Unknown               Unknown  Unknown
libmkl_intel_thre  00007F0ACB85C92C  mkl_blas_dger         Unknown  Unknown
libmkl_core.so.2   00007F0AC790468B  mkl_lapack_dgbts2     Unknown  Unknown
libmkl_intel_thre  00007F0ACCF8B5D2  mkl_lapack_dgbtrs     Unknown  Unknown
libmkl_intel_lp64  00007F0ACF1D5FBE  dgbtrs                Unknown  Unknown
pipe10k            000000000040F5E5  Unknown               Unknown  Unknown
pipe10k            000000000041F3BB  Unknown               Unknown  Unknown
pipe10k            0000000000420BF3  Unknown               Unknown  Unknown
pipe10k            00000000004078C0  Unknown               Unknown  Unknown
pipe10k            00000000004072A2  Unknown               Unknown  Unknown
libc-2.31.so       00007F0AC4C3A083  __libc_start_main     Unknown  Unknown
pipe10k            00000000004071AE  Unknown               Unknown  Unknown
forrtl: error (78): process killed (SIGTERM)
Image              PC                Routine            Line        Source             
pipe10k            0000000000747BEB  Unknown               Unknown  Unknown
libpthread-2.31.s  00007F11409F1420  Unknown               Unknown  Unknown
libmkl_avx512.so.  00007F0F1550F095  mkl_blas_avx512_x     Unknown  Unknown
libmkl_core.so.2   00007F11434D968B  mkl_lapack_dgbts2     Unknown  Unknown
libmkl_intel_thre  00007F1148B605D2  mkl_lapack_dgbtrs     Unknown  Unknown
libmkl_intel_lp64  00007F114ADAAFBE  dgbtrs                Unknown  Unknown
pipe10k            000000000040F5E5  Unknown               Unknown  Unknown
pipe10k            000000000041F3BB  Unknown               Unknown  Unknown
pipe10k            0000000000420BF3  Unknown               Unknown  Unknown
pipe10k            00000000004078C0  Unknown               Unknown  Unknown
pipe10k            00000000004072A2  Unknown               Unknown  Unknown
libc-2.31.so       00007F114080F083  __libc_start_main     Unknown  Unknown
pipe10k            00000000004071AE  Unknown               Unknown  Unknown
forrtl: error (78): process killed (SIGTERM)
Image              PC                Routine            Line        Source             
pipe10k            0000000000747BEB  Unknown               Unknown  Unknown
libpthread-2.31.s  00007F97638A9420  Unknown               Unknown  Unknown
libmkl_avx512.so.  00007F95385C4231  mkl_blas_avx512_x     Unknown  Unknown
libmkl_core.so.2   00007F976639168B  mkl_lapack_dgbts2     Unknown  Unknown
libmkl_intel_thre  00007F976BA185D2  mkl_lapack_dgbtrs     Unknown  Unknown
libmkl_intel_lp64  00007F976DC62FBE  dgbtrs                Unknown  Unknown
pipe10k            000000000040F632  Unknown               Unknown  Unknown
pipe10k            000000000041F3BB  Unknown               Unknown  Unknown
pipe10k            0000000000420BF3  Unknown               Unknown  Unknown
pipe10k            00000000004078C0  Unknown               Unknown  Unknown
pipe10k            00000000004072A2  Unknown               Unknown  Unknown
libc-2.31.so       00007F97636C7083  __libc_start_main     Unknown  Unknown
pipe10k            00000000004071AE  Unknown               Unknown  Unknown
forrtl: error (78): process killed (SIGTERM)
Image              PC                Routine            Line        Source             
pipe10k            0000000000747BEB  Unknown               Unknown  Unknown
libpthread-2.31.s  00007FCA7B8C6420  Unknown               Unknown  Unknown
libmkl_avx512.so.  00007FC85058BA75  mkl_blas_avx512_d     Unknown  Unknown
libmkl_core.so.2   00007FCA7E3AE722  mkl_lapack_dgbts2     Unknown  Unknown
libmkl_intel_thre  00007FCA83A355D2  mkl_lapack_dgbtrs     Unknown  Unknown
libmkl_intel_lp64  00007FCA85C7FFBE  dgbtrs                Unknown  Unknown
pipe10k            000000000040F5E5  Unknown               Unknown  Unknown
pipe10k            000000000041F3BB  Unknown               Unknown  Unknown
pipe10k            0000000000420BF3  Unknown               Unknown  Unknown
pipe10k            00000000004078C0  Unknown               Unknown  Unknown
pipe10k            00000000004072A2  Unknown               Unknown  Unknown
libc-2.31.so       00007FCA7B6E4083  __libc_start_main     Unknown  Unknown
pipe10k            00000000004071AE  Unknown               Unknown  Unknown
forrtl: error (78): process killed (SIGTERM)
Image              PC                Routine            Line        Source             
pipe10k            0000000000747BEB  Unknown               Unknown  Unknown
libpthread-2.31.s  00007F12CB765420  Unknown               Unknown  Unknown
libmkl_avx512.so.  00007F10A0480230  mkl_blas_avx512_x     Unknown  Unknown
libmkl_core.so.2   00007F12CE24D68B  mkl_lapack_dgbts2     Unknown  Unknown
libmkl_intel_thre  00007F12D38D45D2  mkl_lapack_dgbtrs     Unknown  Unknown
libmkl_intel_lp64  00007F12D5B1EFBE  dgbtrs                Unknown  Unknown
pipe10k            000000000040F632  Unknown               Unknown  Unknown
pipe10k            000000000041F3BB  Unknown               Unknown  Unknown
pipe10k            0000000000420BF3  Unknown               Unknown  Unknown
pipe10k            00000000004078C0  Unknown               Unknown  Unknown
pipe10k            00000000004072A2  Unknown               Unknown  Unknown
libc-2.31.so       00007F12CB583083  __libc_start_main     Unknown  Unknown
pipe10k            00000000004071AE  Unknown               Unknown  Unknown
forrtl: error (78): process killed (SIGTERM)
Image              PC                Routine            Line        Source             
pipe10k            0000000000747BEB  Unknown               Unknown  Unknown
libpthread-2.31.s  00007FF358A98420  Unknown               Unknown  Unknown
libmkl_avx512.so.  00007FF12D7B323A  mkl_blas_avx512_x     Unknown  Unknown
libmkl_core.so.2   00007FF35B58068B  mkl_lapack_dgbts2     Unknown  Unknown
libmkl_intel_thre  00007FF360C075D2  mkl_lapack_dgbtrs     Unknown  Unknown
libmkl_intel_lp64  00007FF362E51FBE  dgbtrs                Unknown  Unknown
pipe10k            000000000040F5E5  Unknown               Unknown  Unknown
pipe10k            000000000041F3BB  Unknown               Unknown  Unknown
pipe10k            0000000000420BF3  Unknown               Unknown  Unknown
pipe10k            00000000004078C0  Unknown               Unknown  Unknown
pipe10k            00000000004072A2  Unknown               Unknown  Unknown
libc-2.31.so       00007FF3588B6083  __libc_start_main     Unknown  Unknown
pipe10k            00000000004071AE  Unknown               Unknown  Unknown
forrtl: error (78): process killed (SIGTERM)
Image              PC                Routine            Line        Source             
pipe10k            0000000000747BEB  Unknown               Unknown  Unknown
libpthread-2.31.s  00007FF66D50F420  Unknown               Unknown  Unknown
libmkl_avx512.so.  00007FF44222B095  mkl_blas_avx512_x     Unknown  Unknown
libmkl_core.so.2   00007FF66FFF768B  mkl_lapack_dgbts2     Unknown  Unknown
libmkl_intel_thre  00007FF67567E5D2  mkl_lapack_dgbtrs     Unknown  Unknown
libmkl_intel_lp64  00007FF6778C8FBE  dgbtrs                Unknown  Unknown
pipe10k            000000000040F632  Unknown               Unknown  Unknown
pipe10k            000000000041F3BB  Unknown               Unknown  Unknown
pipe10k            0000000000420BF3  Unknown               Unknown  Unknown
pipe10k            00000000004078C0  Unknown               Unknown  Unknown
pipe10k            00000000004072A2  Unknown               Unknown  Unknown
libc-2.31.so       00007FF66D32D083  __libc_start_main     Unknown  Unknown
pipe10k            00000000004071AE  Unknown               Unknown  Unknown
forrtl: error (78): process killed (SIGTERM)
Image              PC                Routine            Line        Source             
pipe10k            0000000000747BEB  Unknown               Unknown  Unknown
libpthread-2.31.s  00007F7ED3474420  Unknown               Unknown  Unknown
libmkl_avx512.so.  00007F7CA8139A25  mkl_blas_avx512_d     Unknown  Unknown
libmkl_core.so.2   00007F7ED5F5C722  mkl_lapack_dgbts2     Unknown  Unknown
libmkl_intel_thre  00007F7EDB5E35D2  mkl_lapack_dgbtrs     Unknown  Unknown
libmkl_intel_lp64  00007F7EDD82DFBE  dgbtrs                Unknown  Unknown
pipe10k            000000000040F5E5  Unknown               Unknown  Unknown
pipe10k            000000000041F3BB  Unknown               Unknown  Unknown
pipe10k            0000000000420BF3  Unknown               Unknown  Unknown
pipe10k            00000000004078C0  Unknown               Unknown  Unknown
pipe10k            00000000004072A2  Unknown               Unknown  Unknown
libc-2.31.so       00007F7ED3292083  __libc_start_main     Unknown  Unknown
pipe10k            00000000004071AE  Unknown               Unknown  Unknown
forrtl: error (78): process killed (SIGTERM)
Image              PC                Routine            Line        Source             
pipe10k            0000000000747BEB  Unknown               Unknown  Unknown
libpthread-2.31.s  00007FD46B015420  Unknown               Unknown  Unknown
libmkl_avx512.so.  00007FD23FD302BF  mkl_blas_avx512_x     Unknown  Unknown
libmkl_core.so.2   00007FD46DAFD68B  mkl_lapack_dgbts2     Unknown  Unknown
libmkl_intel_thre  00007FD4731845D2  mkl_lapack_dgbtrs     Unknown  Unknown
libmkl_intel_lp64  00007FD4753CEFBE  dgbtrs                Unknown  Unknown
pipe10k            000000000040F5E5  Unknown               Unknown  Unknown
pipe10k            000000000041F3BB  Unknown               Unknown  Unknown
pipe10k            0000000000420BF3  Unknown               Unknown  Unknown
pipe10k            00000000004078C0  Unknown               Unknown  Unknown
pipe10k            00000000004072A2  Unknown               Unknown  Unknown
libc-2.31.so       00007FD46AE33083  __libc_start_main     Unknown  Unknown
pipe10k            00000000004071AE  Unknown               Unknown  Unknown
forrtl: error (78): process killed (SIGTERM)
Image              PC                Routine            Line        Source             
pipe10k            0000000000747BEB  Unknown               Unknown  Unknown
libpthread-2.31.s  00007F3C376B3420  Unknown               Unknown  Unknown
libmkl_avx512.so.  00007F3A0C3CF00D  mkl_blas_avx512_x     Unknown  Unknown
libmkl_core.so.2   00007F3C3A19B68B  mkl_lapack_dgbts2     Unknown  Unknown
libmkl_intel_thre  00007F3C3F8225D2  mkl_lapack_dgbtrs     Unknown  Unknown
libmkl_intel_lp64  00007F3C41A6CFBE  dgbtrs                Unknown  Unknown
pipe10k            000000000040F632  Unknown               Unknown  Unknown
pipe10k            000000000041F3BB  Unknown               Unknown  Unknown
pipe10k            0000000000420BF3  Unknown               Unknown  Unknown
pipe10k            00000000004078C0  Unknown               Unknown  Unknown
pipe10k            00000000004072A2  Unknown               Unknown  Unknown
libc-2.31.so       00007F3C374D1083  __libc_start_main     Unknown  Unknown
pipe10k            00000000004071AE  Unknown               Unknown  Unknown
forrtl: error (78): process killed (SIGTERM)
Image              PC                Routine            Line        Source             
pipe10k            0000000000747BEB  Unknown               Unknown  Unknown
libpthread-2.31.s  00007FE55ABB4420  Unknown               Unknown  Unknown
libmkl_intel_thre  00007FE5615F47BE  mkl_blas_dger         Unknown  Unknown
libmkl_core.so.2   00007FE55D69C68B  mkl_lapack_dgbts2     Unknown  Unknown
libmkl_intel_thre  00007FE562D235D2  mkl_lapack_dgbtrs     Unknown  Unknown
libmkl_intel_lp64  00007FE564F6DFBE  dgbtrs                Unknown  Unknown
pipe10k            000000000040F632  Unknown               Unknown  Unknown
pipe10k            000000000041F3BB  Unknown               Unknown  Unknown
pipe10k            0000000000420BF3  Unknown               Unknown  Unknown
pipe10k            00000000004078C0  Unknown               Unknown  Unknown
pipe10k            00000000004072A2  Unknown               Unknown  Unknown
libc-2.31.so       00007FE55A9D2083  __libc_start_main     Unknown  Unknown
pipe10k            00000000004071AE  Unknown               Unknown  Unknown
forrtl: error (78): process killed (SIGTERM)
Image              PC                Routine            Line        Source             
pipe10k            0000000000747BEB  Unknown               Unknown  Unknown
libpthread-2.31.s  00007F0DE86E1420  Unknown               Unknown  Unknown
libmkl_avx512.so.  00007F0BBD3FD09F  mkl_blas_avx512_x     Unknown  Unknown
libmkl_core.so.2   00007F0DEB1C968B  mkl_lapack_dgbts2     Unknown  Unknown
libmkl_intel_thre  00007F0DF08505D2  mkl_lapack_dgbtrs     Unknown  Unknown
libmkl_intel_lp64  00007F0DF2A9AFBE  dgbtrs                Unknown  Unknown
pipe10k            000000000040F632  Unknown               Unknown  Unknown
pipe10k            000000000041F3BB  Unknown               Unknown  Unknown
pipe10k            0000000000420BF3  Unknown               Unknown  Unknown
pipe10k            00000000004078C0  Unknown               Unknown  Unknown
pipe10k            00000000004072A2  Unknown               Unknown  Unknown
libc-2.31.so       00007F0DE84FF083  __libc_start_main     Unknown  Unknown
pipe10k            00000000004071AE  Unknown               Unknown  Unknown
forrtl: error (78): process killed (SIGTERM)
Image              PC                Routine            Line        Source             
pipe10k            0000000000747BEB  Unknown               Unknown  Unknown
libpthread-2.31.s  00007FE1F22A1420  Unknown               Unknown  Unknown
libmkl_avx512.so.  00007FDFC6F66A75  mkl_blas_avx512_d     Unknown  Unknown
libmkl_core.so.2   00007FE1F4D89722  mkl_lapack_dgbts2     Unknown  Unknown
libmkl_intel_thre  00007FE1FA4105D2  mkl_lapack_dgbtrs     Unknown  Unknown
libmkl_intel_lp64  00007FE1FC65AFBE  dgbtrs                Unknown  Unknown
pipe10k            000000000040F632  Unknown               Unknown  Unknown
pipe10k            000000000041F3BB  Unknown               Unknown  Unknown
pipe10k            0000000000420BF3  Unknown               Unknown  Unknown
pipe10k            00000000004078C0  Unknown               Unknown  Unknown
pipe10k            00000000004072A2  Unknown               Unknown  Unknown
libc-2.31.so       00007FE1F20BF083  __libc_start_main     Unknown  Unknown
pipe10k            00000000004071AE  Unknown               Unknown  Unknown
forrtl: error (78): process killed (SIGTERM)
Image              PC                Routine            Line        Source             
pipe10k            0000000000747BEB  Unknown               Unknown  Unknown
libpthread-2.31.s  00007FB0B460A420  Unknown               Unknown  Unknown
libmkl_avx512.so.  00007FAE89325298  mkl_blas_avx512_x     Unknown  Unknown
libmkl_core.so.2   00007FB0B70F268B  mkl_lapack_dgbts2     Unknown  Unknown
libmkl_intel_thre  00007FB0BC7795D2  mkl_lapack_dgbtrs     Unknown  Unknown
libmkl_intel_lp64  00007FB0BE9C3FBE  dgbtrs                Unknown  Unknown
pipe10k            000000000040F5E5  Unknown               Unknown  Unknown
pipe10k            000000000041F3BB  Unknown               Unknown  Unknown
pipe10k            0000000000420BF3  Unknown               Unknown  Unknown
pipe10k            00000000004078C0  Unknown               Unknown  Unknown
pipe10k            00000000004072A2  Unknown               Unknown  Unknown
libc-2.31.so       00007FB0B4428083  __libc_start_main     Unknown  Unknown
pipe10k            00000000004071AE  Unknown               Unknown  Unknown
forrtl: error (78): process killed (SIGTERM)
Image              PC                Routine            Line        Source             
pipe10k            0000000000747BEB  Unknown               Unknown  Unknown
libpthread-2.31.s  00007F001053C420  Unknown               Unknown  Unknown
libmkl_avx512.so.  00007F00097DBA75  mkl_blas_avx512_d     Unknown  Unknown
libmkl_core.so.2   00007F0013024722  mkl_lapack_dgbts2     Unknown  Unknown
libmkl_intel_thre  00007F00186AB5D2  mkl_lapack_dgbtrs     Unknown  Unknown
libmkl_intel_lp64  00007F001A8F5FBE  dgbtrs                Unknown  Unknown
pipe10k            000000000040F5E5  Unknown               Unknown  Unknown
pipe10k            000000000041F3BB  Unknown               Unknown  Unknown
pipe10k            0000000000420BF3  Unknown               Unknown  Unknown
pipe10k            00000000004078C0  Unknown               Unknown  Unknown
pipe10k            00000000004072A2  Unknown               Unknown  Unknown
libc-2.31.so       00007F001035A083  __libc_start_main     Unknown  Unknown
pipe10k            00000000004071AE  Unknown               Unknown  Unknown
forrtl: error (78): process killed (SIGTERM)
Image              PC                Routine            Line        Source             
pipe10k            0000000000747BEB  Unknown               Unknown  Unknown
libpthread-2.31.s  00007F6F96F07420  Unknown               Unknown  Unknown
libmkl_avx512.so.  00007F6D6BBCCC33  mkl_blas_avx512_d     Unknown  Unknown
libmkl_core.so.2   00007F6F999EF722  mkl_lapack_dgbts2     Unknown  Unknown
libmkl_intel_thre  00007F6F9F0765D2  mkl_lapack_dgbtrs     Unknown  Unknown
libmkl_intel_lp64  00007F6FA12C0FBE  dgbtrs                Unknown  Unknown
pipe10k            000000000040F5E5  Unknown               Unknown  Unknown
pipe10k            000000000041F3BB  Unknown               Unknown  Unknown
pipe10k            0000000000420BF3  Unknown               Unknown  Unknown
pipe10k            00000000004078C0  Unknown               Unknown  Unknown
pipe10k            00000000004072A2  Unknown               Unknown  Unknown
libc-2.31.so       00007F6F96D25083  __libc_start_main     Unknown  Unknown
pipe10k            00000000004071AE  Unknown               Unknown  Unknown
forrtl: error (78): process killed (SIGTERM)
Image              PC                Routine            Line        Source             
pipe10k            0000000000747BEB  Unknown               Unknown  Unknown
libpthread-2.31.s  00007FB59C9C5420  Unknown               Unknown  Unknown
libmkl_avx512.so.  00007FB37168ABD7  mkl_blas_avx512_d     Unknown  Unknown
libmkl_core.so.2   00007FB59F4AD722  mkl_lapack_dgbts2     Unknown  Unknown
libmkl_intel_thre  00007FB5A4B345D2  mkl_lapack_dgbtrs     Unknown  Unknown
libmkl_intel_lp64  00007FB5A6D7EFBE  dgbtrs                Unknown  Unknown
pipe10k            000000000040F5E5  Unknown               Unknown  Unknown
pipe10k            000000000041F3BB  Unknown               Unknown  Unknown
pipe10k            0000000000420BF3  Unknown               Unknown  Unknown
pipe10k            00000000004078C0  Unknown               Unknown  Unknown
pipe10k            00000000004072A2  Unknown               Unknown  Unknown
libc-2.31.so       00007FB59C7E3083  __libc_start_main     Unknown  Unknown
pipe10k            00000000004071AE  Unknown               Unknown  Unknown
forrtl: error (78): process killed (SIGTERM)
Image              PC                Routine            Line        Source             
pipe10k            0000000000747BEB  Unknown               Unknown  Unknown
libpthread-2.31.s  00007F3E53525420  Unknown               Unknown  Unknown
libmkl_avx512.so.  00007F3C281EAA2B  mkl_blas_avx512_d     Unknown  Unknown
libmkl_core.so.2   00007F3E5600D722  mkl_lapack_dgbts2     Unknown  Unknown
libmkl_intel_thre  00007F3E5B6945D2  mkl_lapack_dgbtrs     Unknown  Unknown
libmkl_intel_lp64  00007F3E5D8DEFBE  dgbtrs                Unknown  Unknown
pipe10k            000000000040F5E5  Unknown               Unknown  Unknown
pipe10k            000000000041F3BB  Unknown               Unknown  Unknown
pipe10k            0000000000420BF3  Unknown               Unknown  Unknown
pipe10k            00000000004078C0  Unknown               Unknown  Unknown
pipe10k            00000000004072A2  Unknown               Unknown  Unknown
libc-2.31.so       00007F3E53343083  __libc_start_main     Unknown  Unknown
pipe10k            00000000004071AE  Unknown               Unknown  Unknown
forrtl: error (78): process killed (SIGTERM)
Image              PC                Routine            Line        Source             
pipe10k            0000000000747BEB  Unknown               Unknown  Unknown
libpthread-2.31.s  00007FD705725420  Unknown               Unknown  Unknown
libmkl_avx512.so.  00007FD4DA3EABD7  mkl_blas_avx512_d     Unknown  Unknown
libmkl_core.so.2   00007FD70820D722  mkl_lapack_dgbts2     Unknown  Unknown
libmkl_intel_thre  00007FD70D8945D2  mkl_lapack_dgbtrs     Unknown  Unknown
libmkl_intel_lp64  00007FD70FADEFBE  dgbtrs                Unknown  Unknown
pipe10k            000000000040F632  Unknown               Unknown  Unknown
pipe10k            000000000041F3BB  Unknown               Unknown  Unknown
pipe10k            0000000000420BF3  Unknown               Unknown  Unknown
pipe10k            00000000004078C0  Unknown               Unknown  Unknown
pipe10k            00000000004072A2  Unknown               Unknown  Unknown
libc-2.31.so       00007FD705543083  __libc_start_main     Unknown  Unknown
pipe10k            00000000004071AE  Unknown               Unknown  Unknown
forrtl: error (78): process killed (SIGTERM)
Image              PC                Routine            Line        Source             
pipe10k            0000000000747BEB  Unknown               Unknown  Unknown
libpthread-2.31.s  00007FFBBE00C420  Unknown               Unknown  Unknown
libmkl_avx512.so.  00007FF992D28095  mkl_blas_avx512_x     Unknown  Unknown
libmkl_core.so.2   00007FFBC0AF468B  mkl_lapack_dgbts2     Unknown  Unknown
libmkl_intel_thre  00007FFBC617B5D2  mkl_lapack_dgbtrs     Unknown  Unknown
libmkl_intel_lp64  00007FFBC83C5FBE  dgbtrs                Unknown  Unknown
pipe10k            000000000040F5E5  Unknown               Unknown  Unknown
pipe10k            000000000041F3BB  Unknown               Unknown  Unknown
pipe10k            0000000000420BF3  Unknown               Unknown  Unknown
pipe10k            00000000004078C0  Unknown               Unknown  Unknown
pipe10k            00000000004072A2  Unknown               Unknown  Unknown
libc-2.31.so       00007FFBBDE2A083  __libc_start_main     Unknown  Unknown
pipe10k            00000000004071AE  Unknown               Unknown  Unknown
forrtl: error (78): process killed (SIGTERM)
Image              PC                Routine            Line        Source             
pipe10k            0000000000747BEB  Unknown               Unknown  Unknown
libpthread-2.31.s  00007F8CA0C3D420  Unknown               Unknown  Unknown
libmkl_avx512.so.  00007F8A75959095  mkl_blas_avx512_x     Unknown  Unknown
libmkl_core.so.2   00007F8CA372568B  mkl_lapack_dgbts2     Unknown  Unknown
libmkl_intel_thre  00007F8CA8DAC5D2  mkl_lapack_dgbtrs     Unknown  Unknown
libmkl_intel_lp64  00007F8CAAFF6FBE  dgbtrs                Unknown  Unknown
pipe10k            000000000040F632  Unknown               Unknown  Unknown
pipe10k            000000000041F3BB  Unknown               Unknown  Unknown
pipe10k            0000000000420BF3  Unknown               Unknown  Unknown
pipe10k            00000000004078C0  Unknown               Unknown  Unknown
pipe10k            00000000004072A2  Unknown               Unknown  Unknown
libc-2.31.so       00007F8CA0A5B083  __libc_start_main     Unknown  Unknown
pipe10k            00000000004071AE  Unknown               Unknown  Unknown
forrtl: error (78): process killed (SIGTERM)
Image              PC                Routine            Line        Source             
pipe10k            0000000000747BEB  Unknown               Unknown  Unknown
libpthread-2.31.s  00007FB905ACD420  Unknown               Unknown  Unknown
libmkl_avx512.so.  00007FB6DA792C33  mkl_blas_avx512_d     Unknown  Unknown
libmkl_core.so.2   00007FB9085B5722  mkl_lapack_dgbts2     Unknown  Unknown
libmkl_intel_thre  00007FB90DC3C5D2  mkl_lapack_dgbtrs     Unknown  Unknown
libmkl_intel_lp64  00007FB90FE86FBE  dgbtrs                Unknown  Unknown
pipe10k            000000000040F632  Unknown               Unknown  Unknown
pipe10k            000000000041F3BB  Unknown               Unknown  Unknown
pipe10k            0000000000420BF3  Unknown               Unknown  Unknown
pipe10k            00000000004078C0  Unknown               Unknown  Unknown
pipe10k            00000000004072A2  Unknown               Unknown  Unknown
libc-2.31.so       00007FB9058EB083  __libc_start_main     Unknown  Unknown
pipe10k            00000000004071AE  Unknown               Unknown  Unknown
forrtl: error (78): process killed (SIGTERM)
Image              PC                Routine            Line        Source             
pipe10k            0000000000747BEB  Unknown               Unknown  Unknown
libpthread-2.31.s  00007F6380D6F420  Unknown               Unknown  Unknown
libmkl_avx512.so.  00007F6155A34A2B  mkl_blas_avx512_d     Unknown  Unknown
libmkl_core.so.2   00007F6383857722  mkl_lapack_dgbts2     Unknown  Unknown
libmkl_intel_thre  00007F6388EDE5D2  mkl_lapack_dgbtrs     Unknown  Unknown
libmkl_intel_lp64  00007F638B128FBE  dgbtrs                Unknown  Unknown
pipe10k            000000000040F632  Unknown               Unknown  Unknown
pipe10k            000000000041F3BB  Unknown               Unknown  Unknown
pipe10k            0000000000420BF3  Unknown               Unknown  Unknown
pipe10k            00000000004078C0  Unknown               Unknown  Unknown
pipe10k            00000000004072A2  Unknown               Unknown  Unknown
libc-2.31.so       00007F6380B8D083  __libc_start_main     Unknown  Unknown
pipe10k            00000000004071AE  Unknown               Unknown  Unknown
forrtl: error (78): process killed (SIGTERM)
Image              PC                Routine            Line        Source             
pipe10k            0000000000747BEB  Unknown               Unknown  Unknown
libpthread-2.31.s  00007F5CA10EA420  Unknown               Unknown  Unknown
libmkl_avx512.so.  00007F5A75E052A1  mkl_blas_avx512_x     Unknown  Unknown
libmkl_core.so.2   00007F5CA3BD268B  mkl_lapack_dgbts2     Unknown  Unknown
libmkl_intel_thre  00007F5CA92595D2  mkl_lapack_dgbtrs     Unknown  Unknown
libmkl_intel_lp64  00007F5CAB4A3FBE  dgbtrs                Unknown  Unknown
pipe10k            000000000040F5E5  Unknown               Unknown  Unknown
pipe10k            000000000041F3BB  Unknown               Unknown  Unknown
pipe10k            0000000000420BF3  Unknown               Unknown  Unknown
pipe10k            00000000004078C0  Unknown               Unknown  Unknown
pipe10k            00000000004072A2  Unknown               Unknown  Unknown
libc-2.31.so       00007F5CA0F08083  __libc_start_main     Unknown  Unknown
pipe10k            00000000004071AE  Unknown               Unknown  Unknown
forrtl: error (78): process killed (SIGTERM)
Image              PC                Routine            Line        Source             
pipe10k            0000000000747BEB  Unknown               Unknown  Unknown
libpthread-2.31.s  00007FC13BCE0420  Unknown               Unknown  Unknown
libmkl_avx512.so.  00007FBF109FC00D  mkl_blas_avx512_x     Unknown  Unknown
libmkl_core.so.2   00007FC13E7C868B  mkl_lapack_dgbts2     Unknown  Unknown
libmkl_intel_thre  00007FC143E4F5D2  mkl_lapack_dgbtrs     Unknown  Unknown
libmkl_intel_lp64  00007FC146099FBE  dgbtrs                Unknown  Unknown
pipe10k            000000000040F632  Unknown               Unknown  Unknown
pipe10k            000000000041F3BB  Unknown               Unknown  Unknown
pipe10k            0000000000420BF3  Unknown               Unknown  Unknown
pipe10k            00000000004078C0  Unknown               Unknown  Unknown
pipe10k            00000000004072A2  Unknown               Unknown  Unknown
libc-2.31.so       00007FC13BAFE083  __libc_start_main     Unknown  Unknown
pipe10k            00000000004071AE  Unknown               Unknown  Unknown
forrtl: error (78): process killed (SIGTERM)
Image              PC                Routine            Line        Source             
pipe10k            0000000000747BEB  Unknown               Unknown  Unknown
libpthread-2.31.s  00007F5154719420  Unknown               Unknown  Unknown
libmkl_intel_thre  00007F515B1597B0  mkl_blas_dger         Unknown  Unknown
libmkl_core.so.2   00007F515720168B  mkl_lapack_dgbts2     Unknown  Unknown
libmkl_intel_thre  00007F515C8885D2  mkl_lapack_dgbtrs     Unknown  Unknown
libmkl_intel_lp64  00007F515EAD2FBE  dgbtrs                Unknown  Unknown
pipe10k            000000000040F5E5  Unknown               Unknown  Unknown
pipe10k            000000000041F3BB  Unknown               Unknown  Unknown
pipe10k            0000000000420BF3  Unknown               Unknown  Unknown
pipe10k            00000000004078C0  Unknown               Unknown  Unknown
pipe10k            00000000004072A2  Unknown               Unknown  Unknown
libc-2.31.so       00007F5154537083  __libc_start_main     Unknown  Unknown
pipe10k            00000000004071AE  Unknown               Unknown  Unknown
forrtl: error (78): process killed (SIGTERM)
Image              PC                Routine            Line        Source             
pipe10k            0000000000747BEB  Unknown               Unknown  Unknown
libpthread-2.31.s  00007FEE1CFA2420  Unknown               Unknown  Unknown
libmkl_core.so.2   00007FEE1F435ED9  mkl_blas_xdger        Unknown  Unknown
libmkl_core.so.2   00007FEE1FA8A68B  mkl_lapack_dgbts2     Unknown  Unknown
libmkl_intel_thre  00007FEE251115D2  mkl_lapack_dgbtrs     Unknown  Unknown
libmkl_intel_lp64  00007FEE2735BFBE  dgbtrs                Unknown  Unknown
pipe10k            000000000040F5E5  Unknown               Unknown  Unknown
pipe10k            000000000041F3BB  Unknown               Unknown  Unknown
pipe10k            0000000000420BF3  Unknown               Unknown  Unknown
pipe10k            00000000004078C0  Unknown               Unknown  Unknown
pipe10k            00000000004072A2  Unknown               Unknown  Unknown
libc-2.31.so       00007FEE1CDC0083  __libc_start_main     Unknown  Unknown
pipe10k            00000000004071AE  Unknown               Unknown  Unknown
forrtl: error (78): process killed (SIGTERM)
Image              PC                Routine            Line        Source             
pipe10k            0000000000747BEB  Unknown               Unknown  Unknown
libpthread-2.31.s  00007F74A8D1B420  Unknown               Unknown  Unknown
libmkl_intel_thre  00007F74AF75B91C  mkl_blas_dger         Unknown  Unknown
libmkl_core.so.2   00007F74AB80368B  mkl_lapack_dgbts2     Unknown  Unknown
libmkl_intel_thre  00007F74B0E8A5D2  mkl_lapack_dgbtrs     Unknown  Unknown
libmkl_intel_lp64  00007F74B30D4FBE  dgbtrs                Unknown  Unknown
pipe10k            000000000040F632  Unknown               Unknown  Unknown
pipe10k            000000000041F3BB  Unknown               Unknown  Unknown
pipe10k            0000000000420BF3  Unknown               Unknown  Unknown
pipe10k            00000000004078C0  Unknown               Unknown  Unknown
pipe10k            00000000004072A2  Unknown               Unknown  Unknown
libc-2.31.so       00007F74A8B39083  __libc_start_main     Unknown  Unknown
pipe10k            00000000004071AE  Unknown               Unknown  Unknown
forrtl: error (78): process killed (SIGTERM)
Image              PC                Routine            Line        Source             
pipe10k            0000000000747BEB  Unknown               Unknown  Unknown
libpthread-2.31.s  00007FCD492C7420  Unknown               Unknown  Unknown
libmkl_core.so.2   00007FCD4B75AEB0  mkl_blas_xdger        Unknown  Unknown
libmkl_core.so.2   00007FCD4BDAF68B  mkl_lapack_dgbts2     Unknown  Unknown
libmkl_intel_thre  00007FCD514365D2  mkl_lapack_dgbtrs     Unknown  Unknown
libmkl_intel_lp64  00007FCD53680FBE  dgbtrs                Unknown  Unknown
pipe10k            000000000040F632  Unknown               Unknown  Unknown
pipe10k            000000000041F3BB  Unknown               Unknown  Unknown
pipe10k            0000000000420BF3  Unknown               Unknown  Unknown
pipe10k            00000000004078C0  Unknown               Unknown  Unknown
pipe10k            00000000004072A2  Unknown               Unknown  Unknown
libc-2.31.so       00007FCD490E5083  __libc_start_main     Unknown  Unknown
pipe10k            00000000004071AE  Unknown               Unknown  Unknown
forrtl: error (78): process killed (SIGTERM)
Image              PC                Routine            Line        Source             
pipe10k            0000000000747BEB  Unknown               Unknown  Unknown
libpthread-2.31.s  00007FF19572B420  Unknown               Unknown  Unknown
libmkl_intel_thre  00007FF19C16B927  mkl_blas_dger         Unknown  Unknown
libmkl_core.so.2   00007FF19821368B  mkl_lapack_dgbts2     Unknown  Unknown
libmkl_intel_thre  00007FF19D89A5D2  mkl_lapack_dgbtrs     Unknown  Unknown
libmkl_intel_lp64  00007FF19FAE4FBE  dgbtrs                Unknown  Unknown
pipe10k            000000000040F632  Unknown               Unknown  Unknown
pipe10k            000000000041F3BB  Unknown               Unknown  Unknown
pipe10k            0000000000420BF3  Unknown               Unknown  Unknown
pipe10k            00000000004078C0  Unknown               Unknown  Unknown
pipe10k            00000000004072A2  Unknown               Unknown  Unknown
libc-2.31.so       00007FF195549083  __libc_start_main     Unknown  Unknown
pipe10k            00000000004071AE  Unknown               Unknown  Unknown
forrtl: error (78): process killed (SIGTERM)
Image              PC                Routine            Line        Source             
pipe10k            0000000000747BEB  Unknown               Unknown  Unknown
libpthread-2.31.s  00007FC0A2DA5420  Unknown               Unknown  Unknown
libmkl_avx512.so.  00007FBE77A6ABD7  mkl_blas_avx512_d     Unknown  Unknown
libmkl_core.so.2   00007FC0A588D722  mkl_lapack_dgbts2     Unknown  Unknown
libmkl_intel_thre  00007FC0AAF145D2  mkl_lapack_dgbtrs     Unknown  Unknown
libmkl_intel_lp64  00007FC0AD15EFBE  dgbtrs                Unknown  Unknown
pipe10k            000000000040F632  Unknown               Unknown  Unknown
pipe10k            000000000041F3BB  Unknown               Unknown  Unknown
pipe10k            0000000000420BF3  Unknown               Unknown  Unknown
pipe10k            00000000004078C0  Unknown               Unknown  Unknown
pipe10k            00000000004072A2  Unknown               Unknown  Unknown
libc-2.31.so       00007FC0A2BC3083  __libc_start_main     Unknown  Unknown
pipe10k            00000000004071AE  Unknown               Unknown  Unknown
